TN:
SF:server.js
FN:41,trySync
FN:66,createServer
FNF:2
FNH:2
FNDA:58,trySync
FNDA:18,createServer
DA:1,18
DA:2,18
DA:3,18
DA:4,18
DA:7,18
DA:9,18
DA:10,18
DA:15,18
DA:16,18
DA:18,18
DA:19,18
DA:20,18
DA:21,18
DA:22,18
DA:23,18
DA:24,18
DA:25,18
DA:26,18
DA:27,18
DA:28,18
DA:29,18
DA:30,18
DA:31,18
DA:32,18
DA:33,18
DA:34,18
DA:35,18
DA:36,18
DA:39,18
DA:42,58
DA:43,18
DA:44,324
DA:45,324
DA:47,40
DA:48,40
DA:50,0
DA:55,40
DA:56,40
DA:58,0
DA:59,0
DA:61,0
DA:66,18
DA:67,18
DA:68,18
DA:69,18
DA:71,18
DA:74,18
DA:78,0
DA:80,18
LF:49
LH:44
BRDA:42,0,0,18
BRDA:42,0,1,40
BRDA:47,1,0,40
BRDA:47,1,1,0
BRDA:58,2,0,0
BRDA:58,2,1,0
BRF:6
BRH:3
end_of_record
TN:
SF:database\database.js
FN:29,tryConnect
FNF:1
FNH:1
FNDA:18,tryConnect
DA:2,18
DA:3,18
DA:9,18
DA:10,0
DA:11,0
DA:12,0
DA:13,0
DA:14,18
DA:15,18
DA:16,18
DA:17,18
DA:18,18
DA:30,18
DA:31,18
DA:37,18
DA:39,0
DA:43,18
DA:47,18
LF:18
LH:13
BRDA:9,0,0,0
BRDA:9,0,1,18
BRDA:14,1,0,18
BRDA:14,1,1,0
BRF:4
BRH:2
end_of_record
TN:
SF:models\acclimation.model.js
FNF:0
FNH:0
DA:1,18
DA:3,18
DA:4,18
DA:5,18
DA:7,18
DA:24,18
DA:28,18
DA:32,18
DA:36,18
DA:40,18
LF:10
LH:10
BRF:0
BRH:0
end_of_record
TN:
SF:models\coldtreatment.model.js
FNF:0
FNH:0
DA:1,18
DA:3,18
DA:4,18
DA:5,18
DA:7,18
DA:31,18
DA:35,18
DA:39,18
DA:43,18
DA:47,18
LF:10
LH:10
BRF:0
BRH:0
end_of_record
TN:
SF:models\cone.model.js
FNF:0
FNH:0
DA:1,18
DA:3,18
DA:5,18
DA:6,18
DA:7,18
DA:8,18
DA:11,18
DA:24,18
DA:27,18
DA:31,18
DA:34,18
DA:38,18
DA:44,18
DA:51,18
DA:57,18
DA:64,18
LF:16
LH:16
BRF:0
BRH:0
end_of_record
TN:
SF:models\fieldstation.model.js
FNF:0
FNH:0
DA:1,18
DA:3,18
DA:4,18
DA:5,18
DA:7,18
DA:24,18
DA:28,18
DA:32,18
DA:36,18
DA:40,18
LF:10
LH:10
BRF:0
BRH:0
end_of_record
TN:
SF:models\genetic-id.model.js
FNF:0
FNH:0
DA:1,18
DA:3,18
DA:5,18
DA:8,18
DA:46,18
DA:49,18
DA:56,18
LF:7
LH:7
BRF:0
BRH:0
end_of_record
TN:
SF:models\germination.model.js
FNF:0
FNH:0
DA:1,18
DA:3,18
DA:4,18
DA:5,18
DA:7,18
DA:31,18
DA:35,18
DA:39,18
DA:43,18
DA:47,18
LF:10
LH:10
BRF:0
BRH:0
end_of_record
TN:
SF:models\greenhouse.model.js
FNF:0
FNH:0
DA:1,18
DA:3,18
DA:4,18
DA:5,18
DA:7,18
DA:24,18
DA:28,18
DA:32,18
DA:36,18
DA:40,18
LF:10
LH:10
BRF:0
BRH:0
end_of_record
TN:
SF:models\initiation.model.js
FNF:0
FNH:0
DA:1,18
DA:3,18
DA:4,18
DA:5,18
DA:7,18
DA:35,18
DA:39,18
DA:43,18
DA:47,18
DA:51,18
LF:10
LH:10
BRF:0
BRH:0
end_of_record
TN:
SF:models\locations.model.js
FNF:0
FNH:0
DA:1,18
DA:3,18
DA:5,18
DA:16,18
LF:4
LH:4
BRF:0
BRH:0
end_of_record
TN:
SF:models\log.model.js
FNF:0
FNH:0
DA:1,18
DA:3,18
DA:5,18
DA:22,18
LF:4
LH:4
BRF:0
BRH:0
end_of_record
TN:
SF:models\maintenance.model.js
FNF:0
FNH:0
DA:1,18
DA:3,18
DA:4,18
DA:5,18
DA:7,18
DA:39,18
DA:43,18
DA:47,18
DA:51,18
DA:55,18
LF:10
LH:10
BRF:0
BRH:0
end_of_record
TN:
SF:models\maturation.model.js
FNF:0
FNH:0
DA:1,18
DA:3,18
DA:4,18
DA:5,18
DA:7,18
DA:32,18
DA:36,18
DA:40,18
DA:44,18
DA:48,18
LF:10
LH:10
BRF:0
BRH:0
end_of_record
TN:
SF:models\population.model.js
FNF:0
FNH:0
DA:1,18
DA:3,18
DA:5,18
DA:12,18
LF:4
LH:4
BRF:0
BRH:0
end_of_record
TN:
SF:models\ramet.model.js
FNF:0
FNH:0
DA:1,18
DA:3,18
DA:5,18
DA:6,18
DA:7,18
DA:9,18
DA:22,18
DA:25,18
DA:29,18
DA:32,18
DA:36,18
DA:39,18
DA:43,18
LF:13
LH:13
BRF:0
BRH:0
end_of_record
TN:
SF:models\seed.model.js
FNF:0
FNH:0
DA:1,18
DA:3,18
DA:5,18
DA:6,18
DA:7,18
DA:8,18
DA:10,18
DA:29,18
DA:32,18
DA:36,18
DA:42,18
DA:49,18
DA:55,18
DA:62,18
DA:68,18
DA:75,18
DA:80,18
DA:86,18
LF:18
LH:18
BRF:0
BRH:0
end_of_record
TN:
SF:models\species.model.js
FNF:0
FNH:0
DA:1,18
DA:3,18
DA:5,18
DA:15,18
LF:4
LH:4
BRF:0
BRH:0
end_of_record
TN:
SF:models\tree.model.js
FNF:0
FNH:0
DA:1,18
DA:3,18
DA:5,18
DA:6,18
DA:9,18
DA:22,18
DA:25,18
DA:28,18
DA:31,18
DA:36,18
LF:10
LH:10
BRF:0
BRH:0
end_of_record
TN:
SF:models\user.model.js
FNF:0
FNH:0
DA:1,18
DA:3,18
DA:5,18
DA:29,18
LF:4
LH:4
BRF:0
BRH:0
end_of_record
TN:
SF:routes\acclimation.route.js
FN:1,(anonymous_0)
FN:8,(anonymous_1)
FN:9,(anonymous_2)
FN:13,(anonymous_3)
FN:19,(anonymous_4)
FN:25,(anonymous_5)
FN:32,(anonymous_6)
FN:34,(anonymous_7)
FN:42,(anonymous_8)
FN:55,(anonymous_9)
FN:68,(anonymous_10)
FN:96,(anonymous_11)
FNF:12
FNH:11
FNDA:18,(anonymous_0)
FNDA:1,(anonymous_1)
FNDA:1,(anonymous_2)
FNDA:0,(anonymous_3)
FNDA:2,(anonymous_4)
FNDA:2,(anonymous_5)
FNDA:1,(anonymous_6)
FNDA:1,(anonymous_7)
FNDA:2,(anonymous_8)
FNDA:2,(anonymous_9)
FNDA:1,(anonymous_10)
FNDA:2,(anonymous_11)
DA:1,18
DA:3,18
DA:4,18
DA:5,18
DA:8,18
DA:9,1
DA:10,1
DA:11,1
DA:12,1
DA:14,0
DA:19,18
DA:20,2
DA:21,2
DA:22,2
DA:23,2
DA:25,2
DA:26,2
DA:33,1
DA:35,1
DA:36,1
DA:42,18
DA:43,2
DA:44,2
DA:45,2
DA:46,1
DA:47,1
DA:48,1
DA:50,1
DA:55,18
DA:56,2
DA:57,2
DA:59,2
DA:60,1
DA:61,1
DA:64,1
DA:68,18
DA:69,1
DA:70,1
DA:71,1
DA:72,1
DA:73,1
DA:74,1
DA:75,1
DA:76,1
DA:78,1
DA:79,1
DA:80,1
DA:82,0
DA:89,0
DA:91,0
DA:96,18
DA:97,2
DA:98,2
DA:99,2
DA:100,1
DA:101,1
DA:103,1
DA:107,18
LF:58
LH:54
BRDA:45,0,0,1
BRDA:45,0,1,1
BRDA:59,1,0,1
BRDA:59,1,1,1
BRDA:60,2,0,1
BRDA:60,2,1,0
BRDA:71,3,0,1
BRDA:71,3,1,0
BRDA:78,4,0,1
BRDA:78,4,1,0
BRDA:78,5,0,1
BRDA:78,5,1,1
BRDA:78,5,2,0
BRDA:78,5,3,0
BRDA:78,5,4,0
BRDA:78,5,5,0
BRDA:99,6,0,1
BRDA:99,6,1,1
BRF:18
BRH:11
end_of_record
TN:
SF:routes\coldtreatment.route.js
FN:1,(anonymous_0)
FN:8,(anonymous_1)
FN:9,(anonymous_2)
FN:13,(anonymous_3)
FN:19,(anonymous_4)
FN:27,(anonymous_5)
FN:36,(anonymous_6)
FN:38,(anonymous_7)
FN:46,(anonymous_8)
FN:59,(anonymous_9)
FN:72,(anonymous_10)
FN:106,(anonymous_11)
FNF:12
FNH:11
FNDA:18,(anonymous_0)
FNDA:1,(anonymous_1)
FNDA:1,(anonymous_2)
FNDA:0,(anonymous_3)
FNDA:2,(anonymous_4)
FNDA:2,(anonymous_5)
FNDA:1,(anonymous_6)
FNDA:1,(anonymous_7)
FNDA:2,(anonymous_8)
FNDA:2,(anonymous_9)
FNDA:1,(anonymous_10)
FNDA:2,(anonymous_11)
DA:1,18
DA:3,18
DA:4,18
DA:5,18
DA:8,18
DA:9,1
DA:10,1
DA:11,1
DA:12,1
DA:14,0
DA:19,18
DA:20,2
DA:21,2
DA:22,2
DA:23,2
DA:24,2
DA:25,2
DA:27,2
DA:28,2
DA:37,1
DA:39,1
DA:40,1
DA:46,18
DA:47,2
DA:48,2
DA:49,2
DA:50,1
DA:51,1
DA:52,1
DA:54,1
DA:59,18
DA:60,2
DA:61,2
DA:63,2
DA:64,1
DA:65,1
DA:68,1
DA:72,18
DA:73,1
DA:74,1
DA:76,1
DA:78,1
DA:79,1
DA:80,1
DA:81,1
DA:82,1
DA:83,1
DA:84,1
DA:86,1
DA:87,1
DA:88,1
DA:90,0
DA:99,0
DA:101,0
DA:106,18
DA:107,2
DA:108,2
DA:110,2
DA:111,1
DA:112,1
DA:114,1
DA:118,18
LF:62
LH:58
BRDA:49,0,0,1
BRDA:49,0,1,1
BRDA:63,1,0,1
BRDA:63,1,1,1
BRDA:64,2,0,1
BRDA:64,2,1,0
BRDA:76,3,0,1
BRDA:76,3,1,0
BRDA:86,4,0,1
BRDA:86,4,1,0
BRDA:86,5,0,1
BRDA:86,5,1,0
BRDA:86,5,2,0
BRDA:86,5,3,0
BRDA:86,5,4,0
BRDA:86,5,5,0
BRDA:86,5,6,0
BRDA:86,5,7,0
BRDA:86,5,8,0
BRDA:86,5,9,0
BRDA:86,5,10,0
BRDA:86,5,11,0
BRDA:86,5,12,0
BRDA:86,5,13,0
BRDA:86,5,14,0
BRDA:86,5,15,0
BRDA:110,6,0,1
BRDA:110,6,1,1
BRF:28
BRH:10
end_of_record
TN:
SF:routes\cone.route.js
FN:1,(anonymous_0)
FN:7,(anonymous_1)
FN:8,(anonymous_2)
FN:12,(anonymous_3)
FN:18,(anonymous_4)
FN:20,(anonymous_5)
FN:28,(anonymous_6)
FN:35,(anonymous_7)
FN:44,(anonymous_8)
FN:54,(anonymous_9)
FN:56,(anonymous_10)
FN:64,(anonymous_11)
FN:75,(anonymous_12)
FN:102,(anonymous_13)
FNF:14
FNH:11
FNDA:18,(anonymous_0)
FNDA:1,(anonymous_1)
FNDA:1,(anonymous_2)
FNDA:0,(anonymous_3)
FNDA:2,(anonymous_4)
FNDA:2,(anonymous_5)
FNDA:0,(anonymous_6)
FNDA:2,(anonymous_7)
FNDA:2,(anonymous_8)
FNDA:1,(anonymous_9)
FNDA:1,(anonymous_10)
FNDA:2,(anonymous_11)
FNDA:0,(anonymous_12)
FNDA:1,(anonymous_13)
DA:1,18
DA:2,18
DA:3,18
DA:4,18
DA:7,18
DA:8,1
DA:9,1
DA:10,1
DA:11,1
DA:13,0
DA:18,18
DA:19,2
DA:20,2
DA:21,2
DA:22,1
DA:23,1
DA:24,1
DA:26,1
DA:29,0
DA:30,0
DA:35,18
DA:36,2
DA:37,2
DA:38,2
DA:39,2
DA:40,2
DA:41,2
DA:42,2
DA:44,2
DA:45,2
DA:55,1
DA:57,1
DA:58,1
DA:64,18
DA:65,2
DA:66,2
DA:67,2
DA:68,1
DA:69,1
DA:71,1
DA:75,18
DA:76,0
DA:77,0
DA:78,0
DA:79,0
DA:80,0
DA:81,0
DA:82,0
DA:84,0
DA:85,0
DA:86,0
DA:94,0
DA:96,0
DA:102,18
DA:103,1
DA:104,1
DA:105,1
DA:106,1
DA:107,1
DA:109,0
DA:113,18
LF:61
LH:45
BRDA:21,0,0,1
BRDA:21,0,1,1
BRDA:67,1,0,1
BRDA:67,1,1,1
BRDA:68,2,0,1
BRDA:68,2,1,0
BRDA:85,3,0,0
BRDA:85,3,1,0
BRDA:105,4,0,1
BRDA:105,4,1,0
BRF:10
BRH:6
end_of_record
TN:
SF:routes\fieldstation.route.js
FN:1,(anonymous_0)
FN:8,(anonymous_1)
FN:9,(anonymous_2)
FN:13,(anonymous_3)
FN:19,(anonymous_4)
FN:25,(anonymous_5)
FN:32,(anonymous_6)
FN:34,(anonymous_7)
FN:42,(anonymous_8)
FN:55,(anonymous_9)
FN:68,(anonymous_10)
FN:97,(anonymous_11)
FNF:12
FNH:11
FNDA:18,(anonymous_0)
FNDA:1,(anonymous_1)
FNDA:1,(anonymous_2)
FNDA:0,(anonymous_3)
FNDA:2,(anonymous_4)
FNDA:2,(anonymous_5)
FNDA:1,(anonymous_6)
FNDA:1,(anonymous_7)
FNDA:2,(anonymous_8)
FNDA:2,(anonymous_9)
FNDA:1,(anonymous_10)
FNDA:2,(anonymous_11)
DA:1,18
DA:3,18
DA:4,18
DA:5,18
DA:8,18
DA:9,1
DA:10,1
DA:11,1
DA:12,1
DA:14,0
DA:19,18
DA:20,2
DA:21,2
DA:22,2
DA:23,2
DA:25,2
DA:26,2
DA:33,1
DA:35,1
DA:36,1
DA:42,18
DA:43,2
DA:44,2
DA:45,2
DA:46,1
DA:47,1
DA:48,1
DA:50,1
DA:55,18
DA:56,2
DA:57,2
DA:59,2
DA:60,1
DA:61,1
DA:64,1
DA:68,18
DA:69,1
DA:70,1
DA:72,1
DA:73,1
DA:74,1
DA:75,1
DA:76,1
DA:77,1
DA:79,1
DA:80,1
DA:81,1
DA:83,0
DA:90,0
DA:92,0
DA:97,18
DA:98,2
DA:99,2
DA:100,2
DA:101,1
DA:102,1
DA:104,1
DA:108,18
LF:58
LH:54
BRDA:45,0,0,1
BRDA:45,0,1,1
BRDA:59,1,0,1
BRDA:59,1,1,1
BRDA:60,2,0,1
BRDA:60,2,1,0
BRDA:72,3,0,1
BRDA:72,3,1,0
BRDA:79,4,0,1
BRDA:79,4,1,0
BRDA:79,5,0,1
BRDA:79,5,1,1
BRDA:79,5,2,0
BRDA:79,5,3,0
BRDA:79,5,4,0
BRDA:79,5,5,0
BRDA:100,6,0,1
BRDA:100,6,1,1
BRF:18
BRH:11
end_of_record
TN:
SF:routes\genetic-id.route.js
FN:1,(anonymous_0)
FN:7,(anonymous_1)
FN:8,(anonymous_2)
FN:12,(anonymous_3)
FN:18,(anonymous_4)
FN:20,(anonymous_5)
FN:28,(anonymous_6)
FN:36,(anonymous_7)
FN:42,(anonymous_8)
FN:50,(anonymous_9)
FN:57,(anonymous_10)
FN:62,(anonymous_11)
FN:64,(anonymous_12)
FN:71,(anonymous_13)
FN:78,(anonymous_14)
FN:82,(anonymous_15)
FN:84,(anonymous_16)
FN:91,(anonymous_17)
FN:98,(anonymous_18)
FN:101,(anonymous_19)
FN:103,(anonymous_20)
FN:110,(anonymous_21)
FN:117,(anonymous_22)
FN:119,(anonymous_23)
FN:121,(anonymous_24)
FN:128,(anonymous_25)
FN:136,(anonymous_26)
FN:145,(anonymous_27)
FN:155,(anonymous_28)
FN:157,(anonymous_29)
FN:165,(anonymous_30)
FNF:31
FNH:21
FNDA:18,(anonymous_0)
FNDA:26,(anonymous_1)
FNDA:26,(anonymous_2)
FNDA:0,(anonymous_3)
FNDA:1,(anonymous_4)
FNDA:1,(anonymous_5)
FNDA:0,(anonymous_6)
FNDA:0,(anonymous_7)
FNDA:0,(anonymous_8)
FNDA:0,(anonymous_9)
FNDA:1,(anonymous_10)
FNDA:1,(anonymous_11)
FNDA:1,(anonymous_12)
FNDA:0,(anonymous_13)
FNDA:1,(anonymous_14)
FNDA:1,(anonymous_15)
FNDA:0,(anonymous_16)
FNDA:0,(anonymous_17)
FNDA:1,(anonymous_18)
FNDA:1,(anonymous_19)
FNDA:1,(anonymous_20)
FNDA:0,(anonymous_21)
FNDA:1,(anonymous_22)
FNDA:1,(anonymous_23)
FNDA:1,(anonymous_24)
FNDA:0,(anonymous_25)
FNDA:14,(anonymous_26)
FNDA:14,(anonymous_27)
FNDA:13,(anonymous_28)
FNDA:1,(anonymous_29)
FNDA:14,(anonymous_30)
DA:1,18
DA:2,18
DA:3,18
DA:4,18
DA:7,18
DA:8,26
DA:9,26
DA:10,26
DA:11,26
DA:13,0
DA:18,18
DA:19,1
DA:20,1
DA:21,1
DA:22,1
DA:23,1
DA:24,1
DA:26,0
DA:29,0
DA:30,0
DA:36,18
DA:37,0
DA:38,0
DA:39,0
DA:40,0
DA:41,0
DA:42,0
DA:43,0
DA:44,0
DA:45,0
DA:46,0
DA:48,0
DA:51,0
DA:52,0
DA:57,18
DA:58,1
DA:59,1
DA:60,1
DA:61,1
DA:62,1
DA:63,1
DA:64,1
DA:65,1
DA:66,1
DA:67,1
DA:69,0
DA:72,0
DA:73,0
DA:78,18
DA:79,1
DA:80,1
DA:81,1
DA:82,1
DA:83,1
DA:84,1
DA:85,1
DA:86,1
DA:87,1
DA:89,0
DA:92,0
DA:93,0
DA:98,18
DA:99,1
DA:100,1
DA:101,1
DA:102,1
DA:103,1
DA:104,1
DA:105,1
DA:106,1
DA:108,0
DA:111,0
DA:112,0
DA:117,18
DA:118,1
DA:119,1
DA:120,1
DA:121,1
DA:122,1
DA:123,1
DA:124,1
DA:126,0
DA:129,0
DA:130,0
DA:136,18
DA:137,14
DA:138,14
DA:139,14
DA:140,14
DA:141,14
DA:142,14
DA:143,14
DA:145,14
DA:146,14
DA:156,13
DA:158,1
DA:159,1
DA:165,18
DA:166,14
DA:167,14
DA:168,14
DA:169,13
DA:170,13
DA:172,1
DA:176,18
LF:105
LH:76
BRDA:21,0,0,1
BRDA:21,0,1,0
BRDA:41,1,0,0
BRDA:41,1,1,0
BRDA:43,2,0,0
BRDA:43,2,1,0
BRDA:61,3,0,1
BRDA:61,3,1,0
BRDA:63,4,0,1
BRDA:63,4,1,0
BRDA:81,5,0,0
BRDA:81,5,1,1
BRDA:83,6,0,1
BRDA:83,6,1,0
BRDA:102,7,0,1
BRDA:102,7,1,0
BRDA:120,8,0,1
BRDA:120,8,1,0
BRDA:168,9,0,13
BRDA:168,9,1,1
BRF:20
BRH:9
end_of_record
TN:
SF:routes\germination.route.js
FN:1,(anonymous_0)
FN:7,(anonymous_1)
FN:8,(anonymous_2)
FN:12,(anonymous_3)
FN:18,(anonymous_4)
FN:26,(anonymous_5)
FN:35,(anonymous_6)
FN:37,(anonymous_7)
FN:45,(anonymous_8)
FN:59,(anonymous_9)
FN:71,(anonymous_10)
FN:104,(anonymous_11)
FNF:12
FNH:11
FNDA:18,(anonymous_0)
FNDA:1,(anonymous_1)
FNDA:1,(anonymous_2)
FNDA:0,(anonymous_3)
FNDA:2,(anonymous_4)
FNDA:2,(anonymous_5)
FNDA:1,(anonymous_6)
FNDA:1,(anonymous_7)
FNDA:2,(anonymous_8)
FNDA:2,(anonymous_9)
FNDA:1,(anonymous_10)
FNDA:2,(anonymous_11)
DA:1,18
DA:2,18
DA:3,18
DA:4,18
DA:7,18
DA:8,1
DA:9,1
DA:10,1
DA:11,1
DA:13,0
DA:18,18
DA:19,2
DA:20,2
DA:21,2
DA:22,2
DA:23,2
DA:24,2
DA:26,2
DA:27,2
DA:36,1
DA:38,1
DA:39,1
DA:45,18
DA:46,2
DA:47,2
DA:48,2
DA:49,1
DA:50,1
DA:51,1
DA:54,1
DA:59,18
DA:60,2
DA:61,2
DA:63,2
DA:64,1
DA:65,1
DA:67,1
DA:71,18
DA:72,1
DA:73,1
DA:75,1
DA:77,1
DA:78,1
DA:79,1
DA:80,1
DA:81,1
DA:82,1
DA:84,1
DA:85,1
DA:86,1
DA:88,0
DA:96,0
DA:98,0
DA:104,18
DA:105,2
DA:106,2
DA:108,2
DA:109,1
DA:110,1
DA:112,1
DA:116,18
LF:61
LH:57
BRDA:48,0,0,1
BRDA:48,0,1,1
BRDA:63,1,0,1
BRDA:63,1,1,1
BRDA:64,2,0,1
BRDA:64,2,1,0
BRDA:75,3,0,1
BRDA:75,3,1,0
BRDA:84,4,0,1
BRDA:84,4,1,0
BRDA:84,5,0,1
BRDA:84,5,1,0
BRDA:84,5,2,0
BRDA:84,5,3,0
BRDA:84,5,4,0
BRDA:84,5,5,0
BRDA:108,6,0,1
BRDA:108,6,1,1
BRF:18
BRH:10
end_of_record
TN:
SF:routes\greenhouse.route.js
FN:1,(anonymous_0)
FN:8,(anonymous_1)
FN:9,(anonymous_2)
FN:13,(anonymous_3)
FN:19,(anonymous_4)
FN:25,(anonymous_5)
FN:33,(anonymous_6)
FN:35,(anonymous_7)
FN:43,(anonymous_8)
FN:57,(anonymous_9)
FN:69,(anonymous_10)
FN:100,(anonymous_11)
FNF:12
FNH:10
FNDA:18,(anonymous_0)
FNDA:1,(anonymous_1)
FNDA:1,(anonymous_2)
FNDA:0,(anonymous_3)
FNDA:1,(anonymous_4)
FNDA:1,(anonymous_5)
FNDA:1,(anonymous_6)
FNDA:0,(anonymous_7)
FNDA:1,(anonymous_8)
FNDA:2,(anonymous_9)
FNDA:1,(anonymous_10)
FNDA:2,(anonymous_11)
DA:1,18
DA:3,18
DA:4,18
DA:5,18
DA:8,18
DA:9,1
DA:10,1
DA:11,1
DA:12,1
DA:14,0
DA:19,18
DA:20,1
DA:21,1
DA:22,1
DA:23,1
DA:25,1
DA:26,1
DA:34,1
DA:36,0
DA:37,0
DA:43,18
DA:44,1
DA:45,1
DA:46,1
DA:47,1
DA:48,1
DA:49,1
DA:52,0
DA:57,18
DA:58,2
DA:59,2
DA:61,2
DA:62,1
DA:63,1
DA:65,1
DA:69,18
DA:70,1
DA:71,1
DA:73,1
DA:74,1
DA:75,1
DA:76,1
DA:77,1
DA:78,1
DA:80,1
DA:81,1
DA:82,1
DA:85,0
DA:92,0
DA:94,0
DA:100,18
DA:101,2
DA:102,2
DA:104,2
DA:105,1
DA:106,1
DA:108,1
DA:112,18
LF:58
LH:51
BRDA:46,0,0,1
BRDA:46,0,1,0
BRDA:61,1,0,1
BRDA:61,1,1,1
BRDA:62,2,0,1
BRDA:62,2,1,0
BRDA:73,3,0,1
BRDA:73,3,1,0
BRDA:80,4,0,1
BRDA:80,4,1,0
BRDA:80,5,0,1
BRDA:80,5,1,1
BRDA:80,5,2,0
BRDA:80,5,3,0
BRDA:80,5,4,0
BRDA:104,6,0,1
BRDA:104,6,1,1
BRF:17
BRH:10
end_of_record
TN:
SF:routes\initiation.route.js
FN:1,(anonymous_0)
FN:8,(anonymous_1)
FN:9,(anonymous_2)
FN:13,(anonymous_3)
FN:19,(anonymous_4)
FN:28,(anonymous_5)
FN:38,(anonymous_6)
FN:40,(anonymous_7)
FN:48,(anonymous_8)
FN:62,(anonymous_9)
FN:74,(anonymous_10)
FN:111,(anonymous_11)
FNF:12
FNH:10
FNDA:18,(anonymous_0)
FNDA:1,(anonymous_1)
FNDA:1,(anonymous_2)
FNDA:0,(anonymous_3)
FNDA:2,(anonymous_4)
FNDA:2,(anonymous_5)
FNDA:1,(anonymous_6)
FNDA:1,(anonymous_7)
FNDA:2,(anonymous_8)
FNDA:2,(anonymous_9)
FNDA:0,(anonymous_10)
FNDA:2,(anonymous_11)
DA:1,18
DA:3,18
DA:4,18
DA:5,18
DA:8,18
DA:9,1
DA:10,1
DA:11,1
DA:12,1
DA:14,0
DA:19,18
DA:20,2
DA:21,2
DA:22,2
DA:23,2
DA:24,2
DA:25,2
DA:26,2
DA:28,2
DA:29,2
DA:39,1
DA:41,1
DA:42,1
DA:48,18
DA:49,2
DA:50,2
DA:51,2
DA:52,1
DA:53,1
DA:54,1
DA:57,1
DA:62,18
DA:63,2
DA:64,2
DA:66,2
DA:67,1
DA:68,1
DA:70,1
DA:74,18
DA:75,0
DA:76,0
DA:78,0
DA:79,0
DA:80,0
DA:81,0
DA:82,0
DA:83,0
DA:84,0
DA:85,0
DA:86,0
DA:88,0
DA:89,0
DA:90,0
DA:92,0
DA:102,0
DA:105,0
DA:111,18
DA:112,2
DA:113,2
DA:114,2
DA:115,1
DA:116,1
DA:118,1
DA:122,18
LF:64
LH:46
BRDA:51,0,0,1
BRDA:51,0,1,1
BRDA:66,1,0,1
BRDA:66,1,1,1
BRDA:67,2,0,1
BRDA:67,2,1,0
BRDA:78,3,0,0
BRDA:78,3,1,0
BRDA:88,4,0,0
BRDA:88,4,1,0
BRDA:88,5,0,0
BRDA:88,5,1,0
BRDA:88,5,2,0
BRDA:88,5,3,0
BRDA:88,5,4,0
BRDA:88,5,5,0
BRDA:88,5,6,0
BRDA:88,5,7,0
BRDA:88,5,8,0
BRDA:88,5,9,0
BRDA:88,5,10,0
BRDA:88,5,11,0
BRDA:88,5,12,0
BRDA:88,5,13,0
BRDA:88,5,14,0
BRDA:88,5,15,0
BRDA:114,6,0,1
BRDA:114,6,1,1
BRF:28
BRH:7
end_of_record
TN:
SF:routes\locations.route.js
FN:1,(anonymous_0)
FN:7,(anonymous_1)
FN:9,(anonymous_2)
FN:14,(anonymous_3)
FN:20,(anonymous_4)
FN:23,(anonymous_5)
FN:28,(anonymous_6)
FN:34,(anonymous_7)
FN:38,(anonymous_8)
FN:43,(anonymous_9)
FN:46,(anonymous_10)
FN:54,(anonymous_11)
FN:66,(anonymous_12)
FN:85,(anonymous_13)
FN:97,(anonymous_14)
FN:100,(anonymous_15)
FNF:16
FNH:7
FNDA:18,(anonymous_0)
FNDA:1,(anonymous_1)
FNDA:1,(anonymous_2)
FNDA:0,(anonymous_3)
FNDA:0,(anonymous_4)
FNDA:0,(anonymous_5)
FNDA:0,(anonymous_6)
FNDA:13,(anonymous_7)
FNDA:13,(anonymous_8)
FNDA:13,(anonymous_9)
FNDA:0,(anonymous_10)
FNDA:13,(anonymous_11)
FNDA:0,(anonymous_12)
FNDA:0,(anonymous_13)
FNDA:0,(anonymous_14)
FNDA:0,(anonymous_15)
DA:1,18
DA:2,18
DA:3,18
DA:4,18
DA:7,18
DA:8,1
DA:10,1
DA:11,1
DA:12,1
DA:15,0
DA:20,18
DA:21,0
DA:22,0
DA:24,0
DA:25,0
DA:26,0
DA:29,0
DA:34,18
DA:35,13
DA:36,13
DA:38,13
DA:39,13
DA:44,13
DA:47,0
DA:48,0
DA:54,18
DA:55,13
DA:56,13
DA:57,13
DA:58,13
DA:59,13
DA:61,0
DA:66,18
DA:67,0
DA:68,0
DA:69,0
DA:70,0
DA:71,0
DA:85,0
DA:86,0
DA:98,0
DA:101,0
DA:102,0
DA:107,18
LF:44
LH:24
BRDA:57,0,0,13
BRDA:57,0,1,0
BRF:2
BRH:1
end_of_record
TN:
SF:routes\log.route.js
FN:1,(anonymous_0)
FN:7,(anonymous_1)
FN:8,(anonymous_2)
FN:12,(anonymous_3)
FN:18,(anonymous_4)
FN:20,(anonymous_5)
FN:28,(anonymous_6)
FN:35,(anonymous_7)
FN:39,(anonymous_8)
FN:45,(anonymous_9)
FN:47,(anonymous_10)
FNF:11
FNH:8
FNDA:18,(anonymous_0)
FNDA:1,(anonymous_1)
FNDA:1,(anonymous_2)
FNDA:0,(anonymous_3)
FNDA:1,(anonymous_4)
FNDA:1,(anonymous_5)
FNDA:0,(anonymous_6)
FNDA:1,(anonymous_7)
FNDA:1,(anonymous_8)
FNDA:1,(anonymous_9)
FNDA:0,(anonymous_10)
DA:1,18
DA:2,18
DA:3,18
DA:4,18
DA:7,18
DA:8,1
DA:9,1
DA:10,1
DA:11,1
DA:13,0
DA:18,18
DA:19,1
DA:20,1
DA:21,1
DA:22,1
DA:23,1
DA:24,1
DA:26,0
DA:29,0
DA:30,0
DA:35,18
DA:36,1
DA:37,1
DA:39,1
DA:40,1
DA:46,1
DA:48,0
DA:49,0
DA:54,18
LF:29
LH:23
BRDA:21,0,0,1
BRDA:21,0,1,0
BRF:2
BRH:1
end_of_record
TN:
SF:routes\maintenance.route.js
FN:1,(anonymous_0)
FN:8,(anonymous_1)
FN:9,(anonymous_2)
FN:13,(anonymous_3)
FN:19,(anonymous_4)
FN:29,(anonymous_5)
FN:40,(anonymous_6)
FN:42,(anonymous_7)
FN:50,(anonymous_8)
FN:64,(anonymous_9)
FN:77,(anonymous_10)
FN:115,(anonymous_11)
FNF:12
FNH:11
FNDA:18,(anonymous_0)
FNDA:1,(anonymous_1)
FNDA:1,(anonymous_2)
FNDA:0,(anonymous_3)
FNDA:2,(anonymous_4)
FNDA:2,(anonymous_5)
FNDA:1,(anonymous_6)
FNDA:1,(anonymous_7)
FNDA:2,(anonymous_8)
FNDA:1,(anonymous_9)
FNDA:2,(anonymous_10)
FNDA:2,(anonymous_11)
DA:1,18
DA:3,18
DA:4,18
DA:5,18
DA:8,18
DA:9,1
DA:10,1
DA:11,1
DA:12,1
DA:14,0
DA:19,18
DA:20,2
DA:21,2
DA:22,2
DA:23,2
DA:24,2
DA:25,2
DA:26,2
DA:27,2
DA:29,2
DA:30,2
DA:41,1
DA:43,1
DA:44,1
DA:50,18
DA:51,2
DA:52,2
DA:53,2
DA:54,1
DA:55,1
DA:56,1
DA:59,1
DA:64,18
DA:65,1
DA:66,1
DA:68,1
DA:69,1
DA:70,1
DA:73,0
DA:77,18
DA:78,2
DA:79,2
DA:81,2
DA:82,1
DA:83,1
DA:84,1
DA:85,1
DA:86,1
DA:87,1
DA:88,1
DA:89,1
DA:90,1
DA:92,1
DA:93,1
DA:94,1
DA:97,0
DA:108,0
DA:110,1
DA:115,18
DA:116,2
DA:117,2
DA:119,2
DA:120,1
DA:121,1
DA:124,1
DA:128,18
LF:66
LH:62
BRDA:53,0,0,1
BRDA:53,0,1,1
BRDA:68,1,0,1
BRDA:68,1,1,0
BRDA:69,2,0,1
BRDA:69,2,1,0
BRDA:81,3,0,1
BRDA:81,3,1,1
BRDA:92,4,0,1
BRDA:92,4,1,0
BRDA:92,5,0,1
BRDA:92,5,1,0
BRDA:92,5,2,0
BRDA:92,5,3,0
BRDA:92,5,4,0
BRDA:92,5,5,0
BRDA:92,5,6,0
BRDA:92,5,7,0
BRDA:92,5,8,0
BRDA:119,6,0,1
BRDA:119,6,1,1
BRF:21
BRH:10
end_of_record
TN:
SF:routes\maturation.route.js
FN:1,(anonymous_0)
FN:7,(anonymous_1)
FN:8,(anonymous_2)
FN:12,(anonymous_3)
FN:18,(anonymous_4)
FN:26,(anonymous_5)
FN:35,(anonymous_6)
FN:37,(anonymous_7)
FN:45,(anonymous_8)
FN:59,(anonymous_9)
FN:77,(anonymous_10)
FN:109,(anonymous_11)
FNF:12
FNH:11
FNDA:18,(anonymous_0)
FNDA:1,(anonymous_1)
FNDA:1,(anonymous_2)
FNDA:0,(anonymous_3)
FNDA:2,(anonymous_4)
FNDA:2,(anonymous_5)
FNDA:1,(anonymous_6)
FNDA:1,(anonymous_7)
FNDA:2,(anonymous_8)
FNDA:1,(anonymous_9)
FNDA:2,(anonymous_10)
FNDA:2,(anonymous_11)
DA:1,18
DA:2,18
DA:3,18
DA:4,18
DA:7,18
DA:8,1
DA:9,1
DA:10,1
DA:11,1
DA:13,0
DA:18,18
DA:19,2
DA:20,2
DA:21,2
DA:22,2
DA:23,2
DA:24,2
DA:26,2
DA:27,2
DA:36,1
DA:38,1
DA:39,1
DA:45,18
DA:46,2
DA:47,2
DA:48,2
DA:49,1
DA:50,1
DA:51,1
DA:54,1
DA:59,18
DA:60,1
DA:61,1
DA:64,1
DA:65,0
DA:68,1
DA:69,1
DA:70,1
DA:73,0
DA:77,18
DA:78,2
DA:79,2
DA:81,2
DA:82,1
DA:83,1
DA:84,1
DA:85,1
DA:86,1
DA:87,1
DA:88,1
DA:90,1
DA:91,1
DA:92,1
DA:94,0
DA:103,0
DA:105,1
DA:109,18
DA:110,2
DA:111,2
DA:113,2
DA:114,1
DA:115,1
DA:118,1
DA:122,18
LF:64
LH:59
BRDA:48,0,0,1
BRDA:48,0,1,1
BRDA:64,1,0,0
BRDA:64,1,1,1
BRDA:64,2,0,1
BRDA:64,2,1,1
BRDA:68,3,0,1
BRDA:68,3,1,0
BRDA:69,4,0,1
BRDA:69,4,1,0
BRDA:81,5,0,1
BRDA:81,5,1,1
BRDA:90,6,0,1
BRDA:90,6,1,0
BRDA:90,7,0,1
BRDA:90,7,1,0
BRDA:90,7,2,0
BRDA:90,7,3,0
BRDA:90,7,4,0
BRDA:90,7,5,0
BRDA:90,7,6,0
BRDA:90,7,7,0
BRDA:90,7,8,0
BRDA:90,7,9,0
BRDA:90,7,10,0
BRDA:90,7,11,0
BRDA:90,7,12,0
BRDA:90,7,13,0
BRDA:113,8,0,1
BRDA:113,8,1,1
BRF:30
BRH:13
end_of_record
TN:
SF:routes\population.route.js
FN:1,(anonymous_0)
FN:7,(anonymous_1)
FN:8,(anonymous_2)
FN:12,(anonymous_3)
FN:18,(anonymous_4)
FN:21,(anonymous_5)
FN:24,(anonymous_6)
FN:26,(anonymous_7)
FN:33,(anonymous_8)
FNF:9
FNH:8
FNDA:18,(anonymous_0)
FNDA:1,(anonymous_1)
FNDA:1,(anonymous_2)
FNDA:0,(anonymous_3)
FNDA:15,(anonymous_4)
FNDA:15,(anonymous_5)
FNDA:14,(anonymous_6)
FNDA:1,(anonymous_7)
FNDA:15,(anonymous_8)
DA:1,18
DA:2,18
DA:3,18
DA:4,18
DA:7,18
DA:8,1
DA:9,1
DA:10,1
DA:11,1
DA:13,0
DA:18,18
DA:19,15
DA:21,15
DA:22,15
DA:25,14
DA:27,1
DA:28,1
DA:33,18
DA:34,15
DA:35,15
DA:36,15
DA:37,14
DA:38,14
DA:40,1
DA:44,18
LF:25
LH:24
BRDA:36,0,0,14
BRDA:36,0,1,1
BRF:2
BRH:2
end_of_record
TN:
SF:routes\ramet.route.js
FN:1,(anonymous_0)
FN:7,(anonymous_1)
FN:8,(anonymous_2)
FN:12,(anonymous_3)
FN:18,(anonymous_4)
FN:20,(anonymous_5)
FN:28,(anonymous_6)
FN:35,(anonymous_7)
FN:42,(anonymous_8)
FN:50,(anonymous_9)
FN:52,(anonymous_10)
FN:60,(anonymous_11)
FN:63,(anonymous_12)
FN:71,(anonymous_13)
FN:78,(anonymous_14)
FN:80,(anonymous_15)
FN:86,(anonymous_16)
FNF:17
FNH:13
FNDA:18,(anonymous_0)
FNDA:1,(anonymous_1)
FNDA:1,(anonymous_2)
FNDA:0,(anonymous_3)
FNDA:3,(anonymous_4)
FNDA:3,(anonymous_5)
FNDA:0,(anonymous_6)
FNDA:2,(anonymous_7)
FNDA:2,(anonymous_8)
FNDA:1,(anonymous_9)
FNDA:1,(anonymous_10)
FNDA:2,(anonymous_11)
FNDA:2,(anonymous_12)
FNDA:0,(anonymous_13)
FNDA:2,(anonymous_14)
FNDA:2,(anonymous_15)
FNDA:0,(anonymous_16)
DA:1,18
DA:2,18
DA:3,18
DA:4,18
DA:7,18
DA:8,1
DA:9,1
DA:10,1
DA:11,1
DA:13,0
DA:18,18
DA:19,3
DA:20,3
DA:21,3
DA:22,2
DA:23,2
DA:24,2
DA:26,1
DA:29,0
DA:30,0
DA:35,18
DA:36,2
DA:37,2
DA:38,2
DA:39,2
DA:40,2
DA:42,2
DA:43,2
DA:51,1
DA:53,1
DA:54,1
DA:60,18
DA:61,2
DA:63,2
DA:64,2
DA:65,1
DA:66,1
DA:67,1
DA:69,1
DA:72,0
DA:73,0
DA:78,18
DA:79,2
DA:80,2
DA:81,2
DA:82,1
DA:84,1
DA:87,0
DA:88,0
DA:92,18
LF:50
LH:43
BRDA:21,0,0,2
BRDA:21,0,1,1
BRDA:64,1,0,1
BRDA:64,1,1,1
BRDA:81,2,0,1
BRDA:81,2,1,1
BRF:6
BRH:6
end_of_record
TN:
SF:routes\routes.js
FN:1,(anonymous_0)
FNF:1
FNH:1
FNDA:18,(anonymous_0)
DA:1,18
DA:2,18
DA:3,18
DA:4,18
DA:5,18
DA:6,18
DA:7,18
DA:8,18
DA:9,18
DA:10,18
DA:11,18
DA:12,18
DA:13,18
DA:14,18
DA:15,18
DA:16,18
DA:17,18
DA:18,18
DA:19,18
LF:19
LH:19
BRF:0
BRH:0
end_of_record
TN:
SF:routes\seed.route.js
FN:1,(anonymous_0)
FN:8,(anonymous_1)
FN:9,(anonymous_2)
FN:13,(anonymous_3)
FN:19,(anonymous_4)
FN:30,(anonymous_5)
FN:42,(anonymous_6)
FN:44,(anonymous_7)
FN:52,(anonymous_8)
FN:66,(anonymous_9)
FN:77,(anonymous_10)
FN:110,(anonymous_11)
FNF:12
FNH:10
FNDA:18,(anonymous_0)
FNDA:1,(anonymous_1)
FNDA:1,(anonymous_2)
FNDA:0,(anonymous_3)
FNDA:2,(anonymous_4)
FNDA:2,(anonymous_5)
FNDA:1,(anonymous_6)
FNDA:1,(anonymous_7)
FNDA:2,(anonymous_8)
FNDA:2,(anonymous_9)
FNDA:0,(anonymous_10)
FNDA:2,(anonymous_11)
DA:1,18
DA:3,18
DA:4,18
DA:5,18
DA:8,18
DA:9,1
DA:10,1
DA:11,1
DA:12,1
DA:14,0
DA:19,18
DA:20,2
DA:21,2
DA:22,2
DA:23,2
DA:24,2
DA:25,2
DA:26,2
DA:27,2
DA:28,2
DA:30,2
DA:31,2
DA:43,1
DA:45,1
DA:46,1
DA:52,18
DA:53,2
DA:54,2
DA:55,2
DA:56,1
DA:57,1
DA:58,1
DA:60,1
DA:66,18
DA:67,2
DA:68,2
DA:69,2
DA:70,1
DA:71,1
DA:73,1
DA:77,18
DA:79,0
DA:80,0
DA:81,0
DA:82,0
DA:83,0
DA:84,0
DA:85,0
DA:86,0
DA:87,0
DA:89,0
DA:90,0
DA:92,0
DA:102,0
DA:104,0
DA:110,18
DA:111,2
DA:112,2
DA:113,2
DA:114,1
DA:115,1
DA:117,1
DA:121,18
LF:63
LH:48
BRDA:55,0,0,1
BRDA:55,0,1,1
BRDA:69,1,0,1
BRDA:69,1,1,1
BRDA:70,2,0,1
BRDA:70,2,1,0
BRDA:90,3,0,0
BRDA:90,3,1,0
BRDA:113,4,0,1
BRDA:113,4,1,1
BRF:10
BRH:7
end_of_record
TN:
SF:routes\species.route.js
FN:1,(anonymous_0)
FN:7,(anonymous_1)
FN:8,(anonymous_2)
FN:12,(anonymous_3)
FN:18,(anonymous_4)
FN:22,(anonymous_5)
FN:26,(anonymous_6)
FN:28,(anonymous_7)
FN:36,(anonymous_8)
FNF:9
FNH:8
FNDA:18,(anonymous_0)
FNDA:1,(anonymous_1)
FNDA:1,(anonymous_2)
FNDA:0,(anonymous_3)
FNDA:2,(anonymous_4)
FNDA:2,(anonymous_5)
FNDA:1,(anonymous_6)
FNDA:1,(anonymous_7)
FNDA:2,(anonymous_8)
DA:1,18
DA:2,18
DA:3,18
DA:4,18
DA:7,18
DA:8,1
DA:9,1
DA:10,1
DA:11,1
DA:13,0
DA:18,18
DA:19,2
DA:20,2
DA:22,2
DA:23,2
DA:27,1
DA:29,1
DA:30,1
DA:36,18
DA:37,2
DA:38,2
DA:39,2
DA:40,1
DA:41,1
DA:43,1
DA:47,18
LF:26
LH:25
BRDA:39,0,0,1
BRDA:39,0,1,1
BRF:2
BRH:2
end_of_record
TN:
SF:routes\tree.route.js
FN:1,(anonymous_0)
FN:7,(anonymous_1)
FN:8,(anonymous_2)
FN:12,(anonymous_3)
FN:19,(anonymous_4)
FN:21,(anonymous_5)
FN:29,(anonymous_6)
FN:36,(anonymous_7)
FN:42,(anonymous_8)
FN:49,(anonymous_9)
FN:51,(anonymous_10)
FN:59,(anonymous_11)
FN:70,(anonymous_12)
FN:86,(anonymous_13)
FNF:14
FNH:11
FNDA:18,(anonymous_0)
FNDA:1,(anonymous_1)
FNDA:1,(anonymous_2)
FNDA:0,(anonymous_3)
FNDA:2,(anonymous_4)
FNDA:2,(anonymous_5)
FNDA:0,(anonymous_6)
FNDA:5,(anonymous_7)
FNDA:5,(anonymous_8)
FNDA:4,(anonymous_9)
FNDA:1,(anonymous_10)
FNDA:2,(anonymous_11)
FNDA:0,(anonymous_12)
FNDA:5,(anonymous_13)
DA:1,18
DA:2,18
DA:3,18
DA:4,18
DA:7,18
DA:8,1
DA:9,1
DA:10,1
DA:11,1
DA:13,0
DA:19,18
DA:20,2
DA:21,2
DA:22,2
DA:23,1
DA:24,1
DA:25,1
DA:27,1
DA:30,0
DA:31,0
DA:36,18
DA:37,5
DA:38,5
DA:39,5
DA:40,5
DA:42,5
DA:43,5
DA:50,4
DA:52,1
DA:53,1
DA:59,18
DA:60,2
DA:61,2
DA:62,2
DA:63,1
DA:64,1
DA:66,1
DA:70,18
DA:71,0
DA:72,0
DA:73,0
DA:74,0
DA:76,0
DA:77,0
DA:78,0
DA:79,0
DA:81,0
DA:86,18
DA:87,5
DA:88,5
DA:89,5
DA:90,4
DA:91,4
DA:93,1
DA:97,18
LF:55
LH:43
BRDA:22,0,0,1
BRDA:22,0,1,1
BRDA:62,1,0,1
BRDA:62,1,1,1
BRDA:63,2,0,1
BRDA:63,2,1,0
BRDA:77,3,0,0
BRDA:77,3,1,0
BRDA:89,4,0,4
BRDA:89,4,1,1
BRF:10
BRH:7
end_of_record
TN:
SF:routes\user.route.js
FN:1,(anonymous_0)
FN:7,(anonymous_1)
FN:8,(anonymous_2)
FN:12,(anonymous_3)
FN:18,(anonymous_4)
FN:20,(anonymous_5)
FN:24,(anonymous_6)
FN:30,(anonymous_7)
FN:37,(anonymous_8)
FN:44,(anonymous_9)
FN:48,(anonymous_10)
FN:56,(anonymous_11)
FN:59,(anonymous_12)
FN:63,(anonymous_13)
FN:69,(anonymous_14)
FN:77,(anonymous_15)
FN:84,(anonymous_16)
FN:86,(anonymous_17)
FN:94,(anonymous_18)
FN:96,(anonymous_19)
FN:97,(anonymous_20)
FN:100,(anonymous_21)
FNF:22
FNH:15
FNDA:18,(anonymous_0)
FNDA:1,(anonymous_1)
FNDA:1,(anonymous_2)
FNDA:0,(anonymous_3)
FNDA:1,(anonymous_4)
FNDA:1,(anonymous_5)
FNDA:0,(anonymous_6)
FNDA:2,(anonymous_7)
FNDA:2,(anonymous_8)
FNDA:1,(anonymous_9)
FNDA:1,(anonymous_10)
FNDA:0,(anonymous_11)
FNDA:0,(anonymous_12)
FNDA:0,(anonymous_13)
FNDA:1,(anonymous_14)
FNDA:1,(anonymous_15)
FNDA:1,(anonymous_16)
FNDA:0,(anonymous_17)
FNDA:1,(anonymous_18)
FNDA:1,(anonymous_19)
FNDA:1,(anonymous_20)
FNDA:0,(anonymous_21)
DA:1,18
DA:2,18
DA:3,18
DA:4,18
DA:7,18
DA:8,1
DA:9,1
DA:10,1
DA:11,1
DA:13,0
DA:18,18
DA:19,1
DA:20,1
DA:21,1
DA:22,1
DA:23,1
DA:25,0
DA:30,18
DA:31,2
DA:32,2
DA:33,2
DA:34,2
DA:35,2
DA:37,2
DA:38,2
DA:45,1
DA:46,1
DA:47,1
DA:49,1
DA:50,1
DA:56,18
DA:57,0
DA:58,0
DA:59,0
DA:60,0
DA:61,0
DA:62,0
DA:64,0
DA:69,18
DA:70,1
DA:71,1
DA:72,1
DA:73,1
DA:74,1
DA:75,1
DA:77,1
DA:78,1
DA:85,1
DA:87,0
DA:88,0
DA:94,18
DA:95,1
DA:96,1
DA:97,1
DA:98,1
DA:101,0
DA:102,0
DA:109,18
LF:58
LH:45
BRF:0
BRH:0
end_of_record
