{"C:\\Users\\cjden\\OneDrive\\Desktop\\Senior Design\\2023SpringTeam20-NCSU-CNR\\server\\server.js": {"path":"C:\\Users\\cjden\\OneDrive\\Desktop\\Senior Design\\2023SpringTeam20-NCSU-CNR\\server\\server.js","statementMap":{"0":{"start":{"line":1,"column":16},"end":{"line":1,"column":34}},"1":{"start":{"line":2,"column":12},"end":{"line":2,"column":21}},"2":{"start":{"line":3,"column":13},"end":{"line":3,"column":28}},"3":{"start":{"line":4,"column":0},"end":{"line":4,"column":27}},"4":{"start":{"line":7,"column":15},"end":{"line":7,"column":35}},"5":{"start":{"line":9,"column":0},"end":{"line":9,"column":24}},"6":{"start":{"line":10,"column":18},"end":{"line":14,"column":1}},"7":{"start":{"line":15,"column":0},"end":{"line":15,"column":26}},"8":{"start":{"line":16,"column":0},"end":{"line":16,"column":48}},"9":{"start":{"line":18,"column":11},"end":{"line":18,"column":41}},"10":{"start":{"line":19,"column":22},"end":{"line":19,"column":57}},"11":{"start":{"line":20,"column":24},"end":{"line":20,"column":60}},"12":{"start":{"line":21,"column":23},"end":{"line":21,"column":59}},"13":{"start":{"line":22,"column":18},"end":{"line":22,"column":48}},"14":{"start":{"line":23,"column":21},"end":{"line":23,"column":54}},"15":{"start":{"line":24,"column":19},"end":{"line":24,"column":50}},"16":{"start":{"line":25,"column":18},"end":{"line":25,"column":48}},"17":{"start":{"line":26,"column":18},"end":{"line":26,"column":48}},"18":{"start":{"line":27,"column":24},"end":{"line":27,"column":60}},"19":{"start":{"line":28,"column":25},"end":{"line":28,"column":62}},"20":{"start":{"line":29,"column":25},"end":{"line":29,"column":62}},"21":{"start":{"line":30,"column":27},"end":{"line":30,"column":66}},"22":{"start":{"line":31,"column":25},"end":{"line":31,"column":62}},"23":{"start":{"line":32,"column":26},"end":{"line":32,"column":64}},"24":{"start":{"line":33,"column":24},"end":{"line":33,"column":60}},"25":{"start":{"line":34,"column":24},"end":{"line":34,"column":60}},"26":{"start":{"line":35,"column":18},"end":{"line":35,"column":48}},"27":{"start":{"line":36,"column":17},"end":{"line":36,"column":46}},"28":{"start":{"line":39,"column":0},"end":{"line":39,"column":32}},"29":{"start":{"line":42,"column":2},"end":{"line":64,"column":3}},"30":{"start":{"line":43,"column":4},"end":{"line":53,"column":5}},"31":{"start":{"line":44,"column":6},"end":{"line":52,"column":7}},"32":{"start":{"line":45,"column":8},"end":{"line":45,"column":34}},"33":{"start":{"line":47,"column":8},"end":{"line":51,"column":9}},"34":{"start":{"line":48,"column":10},"end":{"line":48,"column":45}},"35":{"start":{"line":50,"column":10},"end":{"line":50,"column":53}},"36":{"start":{"line":55,"column":4},"end":{"line":63,"column":5}},"37":{"start":{"line":56,"column":6},"end":{"line":56,"column":33}},"38":{"start":{"line":58,"column":6},"end":{"line":62,"column":7}},"39":{"start":{"line":59,"column":8},"end":{"line":59,"column":44}},"40":{"start":{"line":61,"column":8},"end":{"line":61,"column":52}},"41":{"start":{"line":66,"column":0},"end":{"line":81,"column":1}},"42":{"start":{"line":67,"column":2},"end":{"line":79,"column":3}},"43":{"start":{"line":68,"column":4},"end":{"line":68,"column":28}},"44":{"start":{"line":69,"column":4},"end":{"line":69,"column":30}},"45":{"start":{"line":71,"column":19},"end":{"line":73,"column":117}},"46":{"start":{"line":74,"column":4},"end":{"line":74,"column":38}},"47":{"start":{"line":78,"column":4},"end":{"line":78,"column":71}},"48":{"start":{"line":80,"column":2},"end":{"line":80,"column":13}}},"fnMap":{"0":{"name":"trySync","decl":{"start":{"line":41,"column":15},"end":{"line":41,"column":22}},"loc":{"start":{"line":41,"column":50},"end":{"line":65,"column":1}},"line":41},"1":{"name":"createServer","decl":{"start":{"line":66,"column":32},"end":{"line":66,"column":44}},"loc":{"start":{"line":66,"column":54},"end":{"line":81,"column":1}},"line":66}},"branchMap":{"0":{"loc":{"start":{"line":42,"column":2},"end":{"line":64,"column":3}},"type":"if","locations":[{"start":{"line":42,"column":2},"end":{"line":64,"column":3}},{"start":{"line":54,"column":9},"end":{"line":64,"column":3}}],"line":42},"1":{"loc":{"start":{"line":47,"column":8},"end":{"line":51,"column":9}},"type":"if","locations":[{"start":{"line":47,"column":8},"end":{"line":51,"column":9}},{"start":{"line":49,"column":15},"end":{"line":51,"column":9}}],"line":47},"2":{"loc":{"start":{"line":58,"column":6},"end":{"line":62,"column":7}},"type":"if","locations":[{"start":{"line":58,"column":6},"end":{"line":62,"column":7}},{"start":{"line":60,"column":13},"end":{"line":62,"column":7}}],"line":58}},"s":{"0":18,"1":18,"2":18,"3":18,"4":18,"5":18,"6":18,"7":18,"8":18,"9":18,"10":18,"11":18,"12":18,"13":18,"14":18,"15":18,"16":18,"17":18,"18":18,"19":18,"20":18,"21":18,"22":18,"23":18,"24":18,"25":18,"26":18,"27":18,"28":18,"29":58,"30":18,"31":324,"32":324,"33":40,"34":40,"35":0,"36":40,"37":40,"38":0,"39":0,"40":0,"41":18,"42":18,"43":18,"44":18,"45":18,"46":18,"47":0,"48":18},"f":{"0":58,"1":18},"b":{"0":[18,40],"1":[40,0],"2":[0,0]},"_coverageSchema":"1a1c01bbd47fc00a2c39e90264f33305004495a9","hash":"d6eae51c609793038a68a62df3a0ab69c57af76e"}
,"C:\\Users\\cjden\\OneDrive\\Desktop\\Senior Design\\2023SpringTeam20-NCSU-CNR\\server\\database\\database.js": {"path":"C:\\Users\\cjden\\OneDrive\\Desktop\\Senior Design\\2023SpringTeam20-NCSU-CNR\\server\\database\\database.js","statementMap":{"0":{"start":{"line":2,"column":18},"end":{"line":2,"column":38}},"1":{"start":{"line":3,"column":14},"end":{"line":3,"column":39}},"2":{"start":{"line":9,"column":0},"end":{"line":19,"column":1}},"3":{"start":{"line":10,"column":2},"end":{"line":10,"column":29}},"4":{"start":{"line":11,"column":2},"end":{"line":11,"column":33}},"5":{"start":{"line":12,"column":2},"end":{"line":12,"column":29}},"6":{"start":{"line":13,"column":2},"end":{"line":13,"column":14}},"7":{"start":{"line":14,"column":7},"end":{"line":19,"column":1}},"8":{"start":{"line":15,"column":2},"end":{"line":15,"column":34}},"9":{"start":{"line":16,"column":2},"end":{"line":16,"column":38}},"10":{"start":{"line":17,"column":2},"end":{"line":17,"column":34}},"11":{"start":{"line":18,"column":2},"end":{"line":18,"column":14}},"12":{"start":{"line":30,"column":2},"end":{"line":40,"column":3}},"13":{"start":{"line":31,"column":22},"end":{"line":35,"column":6}},"14":{"start":{"line":37,"column":4},"end":{"line":37,"column":21}},"15":{"start":{"line":39,"column":4},"end":{"line":39,"column":29}},"16":{"start":{"line":43,"column":18},"end":{"line":43,"column":31}},"17":{"start":{"line":47,"column":0},"end":{"line":47,"column":27}}},"fnMap":{"0":{"name":"tryConnect","decl":{"start":{"line":29,"column":9},"end":{"line":29,"column":19}},"loc":{"start":{"line":29,"column":30},"end":{"line":41,"column":1}},"line":29}},"branchMap":{"0":{"loc":{"start":{"line":9,"column":0},"end":{"line":19,"column":1}},"type":"if","locations":[{"start":{"line":9,"column":0},"end":{"line":19,"column":1}},{"start":{"line":14,"column":7},"end":{"line":19,"column":1}}],"line":9},"1":{"loc":{"start":{"line":14,"column":7},"end":{"line":19,"column":1}},"type":"if","locations":[{"start":{"line":14,"column":7},"end":{"line":19,"column":1}},{"start":{},"end":{}}],"line":14}},"s":{"0":18,"1":18,"2":18,"3":0,"4":0,"5":0,"6":0,"7":18,"8":18,"9":18,"10":18,"11":18,"12":18,"13":18,"14":18,"15":0,"16":18,"17":18},"f":{"0":18},"b":{"0":[0,18],"1":[18,0]},"_coverageSchema":"1a1c01bbd47fc00a2c39e90264f33305004495a9","hash":"eecd329650545cbf2c8fffcb5744b869892868e5"}
,"C:\\Users\\cjden\\OneDrive\\Desktop\\Senior Design\\2023SpringTeam20-NCSU-CNR\\server\\models\\acclimation.model.js": {"path":"C:\\Users\\cjden\\OneDrive\\Desktop\\Senior Design\\2023SpringTeam20-NCSU-CNR\\server\\models\\acclimation.model.js","statementMap":{"0":{"start":{"line":1,"column":20},"end":{"line":1,"column":40}},"1":{"start":{"line":3,"column":17},"end":{"line":3,"column":45}},"2":{"start":{"line":4,"column":18},"end":{"line":4,"column":47}},"3":{"start":{"line":5,"column":18},"end":{"line":5,"column":49}},"4":{"start":{"line":7,"column":20},"end":{"line":22,"column":23}},"5":{"start":{"line":24,"column":0},"end":{"line":26,"column":3}},"6":{"start":{"line":28,"column":0},"end":{"line":30,"column":3}},"7":{"start":{"line":32,"column":0},"end":{"line":34,"column":3}},"8":{"start":{"line":36,"column":0},"end":{"line":38,"column":3}},"9":{"start":{"line":40,"column":0},"end":{"line":40,"column":29}}},"fnMap":{},"branchMap":{},"s":{"0":18,"1":18,"2":18,"3":18,"4":18,"5":18,"6":18,"7":18,"8":18,"9":18},"f":{},"b":{},"_coverageSchema":"1a1c01bbd47fc00a2c39e90264f33305004495a9","hash":"b17ebdfc5900b4f70f9fc61f4035027dfbf36b07"}
,"C:\\Users\\cjden\\OneDrive\\Desktop\\Senior Design\\2023SpringTeam20-NCSU-CNR\\server\\models\\coldtreatment.model.js": {"path":"C:\\Users\\cjden\\OneDrive\\Desktop\\Senior Design\\2023SpringTeam20-NCSU-CNR\\server\\models\\coldtreatment.model.js","statementMap":{"0":{"start":{"line":1,"column":21},"end":{"line":1,"column":41}},"1":{"start":{"line":3,"column":17},"end":{"line":3,"column":45}},"2":{"start":{"line":4,"column":18},"end":{"line":4,"column":47}},"3":{"start":{"line":5,"column":18},"end":{"line":5,"column":49}},"4":{"start":{"line":7,"column":22},"end":{"line":29,"column":23}},"5":{"start":{"line":31,"column":0},"end":{"line":33,"column":3}},"6":{"start":{"line":35,"column":0},"end":{"line":37,"column":3}},"7":{"start":{"line":39,"column":0},"end":{"line":41,"column":3}},"8":{"start":{"line":43,"column":0},"end":{"line":45,"column":3}},"9":{"start":{"line":47,"column":0},"end":{"line":47,"column":31}}},"fnMap":{},"branchMap":{},"s":{"0":18,"1":18,"2":18,"3":18,"4":18,"5":18,"6":18,"7":18,"8":18,"9":18},"f":{},"b":{},"_coverageSchema":"1a1c01bbd47fc00a2c39e90264f33305004495a9","hash":"b93eb67d2503de369ad4c293063a76233a742f8e"}
,"C:\\Users\\cjden\\OneDrive\\Desktop\\Senior Design\\2023SpringTeam20-NCSU-CNR\\server\\models\\cone.model.js": {"path":"C:\\Users\\cjden\\OneDrive\\Desktop\\Senior Design\\2023SpringTeam20-NCSU-CNR\\server\\models\\cone.model.js","statementMap":{"0":{"start":{"line":1,"column":31},"end":{"line":1,"column":51}},"1":{"start":{"line":3,"column":18},"end":{"line":3,"column":49}},"2":{"start":{"line":5,"column":17},"end":{"line":5,"column":45}},"3":{"start":{"line":6,"column":18},"end":{"line":6,"column":47}},"4":{"start":{"line":7,"column":13},"end":{"line":7,"column":36}},"5":{"start":{"line":8,"column":14},"end":{"line":8,"column":38}},"6":{"start":{"line":11,"column":13},"end":{"line":22,"column":23}},"7":{"start":{"line":24,"column":0},"end":{"line":26,"column":2}},"8":{"start":{"line":27,"column":0},"end":{"line":29,"column":2}},"9":{"start":{"line":31,"column":0},"end":{"line":33,"column":2}},"10":{"start":{"line":34,"column":0},"end":{"line":36,"column":2}},"11":{"start":{"line":38,"column":0},"end":{"line":43,"column":2}},"12":{"start":{"line":44,"column":0},"end":{"line":49,"column":2}},"13":{"start":{"line":51,"column":0},"end":{"line":56,"column":2}},"14":{"start":{"line":57,"column":0},"end":{"line":62,"column":2}},"15":{"start":{"line":64,"column":0},"end":{"line":64,"column":22}}},"fnMap":{},"branchMap":{},"s":{"0":18,"1":18,"2":18,"3":18,"4":18,"5":18,"6":18,"7":18,"8":18,"9":18,"10":18,"11":18,"12":18,"13":18,"14":18,"15":18},"f":{},"b":{},"_coverageSchema":"1a1c01bbd47fc00a2c39e90264f33305004495a9","hash":"f67a47837f6d2e98fb4a0840af0c6dd4cb7e5b1a"}
,"C:\\Users\\cjden\\OneDrive\\Desktop\\Senior Design\\2023SpringTeam20-NCSU-CNR\\server\\models\\fieldstation.model.js": {"path":"C:\\Users\\cjden\\OneDrive\\Desktop\\Senior Design\\2023SpringTeam20-NCSU-CNR\\server\\models\\fieldstation.model.js","statementMap":{"0":{"start":{"line":1,"column":20},"end":{"line":1,"column":40}},"1":{"start":{"line":3,"column":17},"end":{"line":3,"column":45}},"2":{"start":{"line":4,"column":18},"end":{"line":4,"column":47}},"3":{"start":{"line":5,"column":18},"end":{"line":5,"column":49}},"4":{"start":{"line":7,"column":21},"end":{"line":22,"column":23}},"5":{"start":{"line":24,"column":0},"end":{"line":26,"column":3}},"6":{"start":{"line":28,"column":0},"end":{"line":30,"column":3}},"7":{"start":{"line":32,"column":0},"end":{"line":34,"column":3}},"8":{"start":{"line":36,"column":0},"end":{"line":38,"column":3}},"9":{"start":{"line":40,"column":0},"end":{"line":40,"column":30}}},"fnMap":{},"branchMap":{},"s":{"0":18,"1":18,"2":18,"3":18,"4":18,"5":18,"6":18,"7":18,"8":18,"9":18},"f":{},"b":{},"_coverageSchema":"1a1c01bbd47fc00a2c39e90264f33305004495a9","hash":"3efac2ae10b7a363b7b3942f4e6257a5b47b7889"}
,"C:\\Users\\cjden\\OneDrive\\Desktop\\Senior Design\\2023SpringTeam20-NCSU-CNR\\server\\models\\genetic-id.model.js": {"path":"C:\\Users\\cjden\\OneDrive\\Desktop\\Senior Design\\2023SpringTeam20-NCSU-CNR\\server\\models\\genetic-id.model.js","statementMap":{"0":{"start":{"line":1,"column":20},"end":{"line":1,"column":40}},"1":{"start":{"line":3,"column":18},"end":{"line":3,"column":49}},"2":{"start":{"line":5,"column":19},"end":{"line":5,"column":48}},"3":{"start":{"line":8,"column":18},"end":{"line":44,"column":2}},"4":{"start":{"line":46,"column":0},"end":{"line":48,"column":3}},"5":{"start":{"line":49,"column":0},"end":{"line":49,"column":32}},"6":{"start":{"line":56,"column":0},"end":{"line":56,"column":27}}},"fnMap":{},"branchMap":{},"s":{"0":18,"1":18,"2":18,"3":18,"4":18,"5":18,"6":18},"f":{},"b":{},"_coverageSchema":"1a1c01bbd47fc00a2c39e90264f33305004495a9","hash":"fe3e646979bd01534e3c69b02d50f5bd4f6edfbe"}
,"C:\\Users\\cjden\\OneDrive\\Desktop\\Senior Design\\2023SpringTeam20-NCSU-CNR\\server\\models\\germination.model.js": {"path":"C:\\Users\\cjden\\OneDrive\\Desktop\\Senior Design\\2023SpringTeam20-NCSU-CNR\\server\\models\\germination.model.js","statementMap":{"0":{"start":{"line":1,"column":20},"end":{"line":1,"column":40}},"1":{"start":{"line":3,"column":17},"end":{"line":3,"column":45}},"2":{"start":{"line":4,"column":18},"end":{"line":4,"column":47}},"3":{"start":{"line":5,"column":18},"end":{"line":5,"column":49}},"4":{"start":{"line":7,"column":20},"end":{"line":29,"column":23}},"5":{"start":{"line":31,"column":0},"end":{"line":33,"column":3}},"6":{"start":{"line":35,"column":0},"end":{"line":37,"column":3}},"7":{"start":{"line":39,"column":0},"end":{"line":41,"column":3}},"8":{"start":{"line":43,"column":0},"end":{"line":45,"column":3}},"9":{"start":{"line":47,"column":0},"end":{"line":47,"column":29}}},"fnMap":{},"branchMap":{},"s":{"0":18,"1":18,"2":18,"3":18,"4":18,"5":18,"6":18,"7":18,"8":18,"9":18},"f":{},"b":{},"_coverageSchema":"1a1c01bbd47fc00a2c39e90264f33305004495a9","hash":"5660a76b2db98c82a7d7e1e2318831fc9d8860ab"}
,"C:\\Users\\cjden\\OneDrive\\Desktop\\Senior Design\\2023SpringTeam20-NCSU-CNR\\server\\models\\greenhouse.model.js": {"path":"C:\\Users\\cjden\\OneDrive\\Desktop\\Senior Design\\2023SpringTeam20-NCSU-CNR\\server\\models\\greenhouse.model.js","statementMap":{"0":{"start":{"line":1,"column":20},"end":{"line":1,"column":40}},"1":{"start":{"line":3,"column":17},"end":{"line":3,"column":45}},"2":{"start":{"line":4,"column":18},"end":{"line":4,"column":47}},"3":{"start":{"line":5,"column":18},"end":{"line":5,"column":49}},"4":{"start":{"line":7,"column":19},"end":{"line":22,"column":23}},"5":{"start":{"line":24,"column":0},"end":{"line":26,"column":3}},"6":{"start":{"line":28,"column":0},"end":{"line":30,"column":3}},"7":{"start":{"line":32,"column":0},"end":{"line":34,"column":3}},"8":{"start":{"line":36,"column":0},"end":{"line":38,"column":3}},"9":{"start":{"line":40,"column":0},"end":{"line":40,"column":28}}},"fnMap":{},"branchMap":{},"s":{"0":18,"1":18,"2":18,"3":18,"4":18,"5":18,"6":18,"7":18,"8":18,"9":18},"f":{},"b":{},"_coverageSchema":"1a1c01bbd47fc00a2c39e90264f33305004495a9","hash":"bd6ccca5ccc484ce4fd520b51a012922513552a0"}
,"C:\\Users\\cjden\\OneDrive\\Desktop\\Senior Design\\2023SpringTeam20-NCSU-CNR\\server\\models\\initiation.model.js": {"path":"C:\\Users\\cjden\\OneDrive\\Desktop\\Senior Design\\2023SpringTeam20-NCSU-CNR\\server\\models\\initiation.model.js","statementMap":{"0":{"start":{"line":1,"column":20},"end":{"line":1,"column":40}},"1":{"start":{"line":3,"column":17},"end":{"line":3,"column":45}},"2":{"start":{"line":4,"column":18},"end":{"line":4,"column":47}},"3":{"start":{"line":5,"column":18},"end":{"line":5,"column":49}},"4":{"start":{"line":7,"column":19},"end":{"line":33,"column":23}},"5":{"start":{"line":35,"column":0},"end":{"line":37,"column":3}},"6":{"start":{"line":39,"column":0},"end":{"line":41,"column":3}},"7":{"start":{"line":43,"column":0},"end":{"line":45,"column":3}},"8":{"start":{"line":47,"column":0},"end":{"line":49,"column":3}},"9":{"start":{"line":51,"column":0},"end":{"line":51,"column":28}}},"fnMap":{},"branchMap":{},"s":{"0":18,"1":18,"2":18,"3":18,"4":18,"5":18,"6":18,"7":18,"8":18,"9":18},"f":{},"b":{},"_coverageSchema":"1a1c01bbd47fc00a2c39e90264f33305004495a9","hash":"ba3af11aae3cd8eaf4a5c74ddf959223f712dc4d"}
,"C:\\Users\\cjden\\OneDrive\\Desktop\\Senior Design\\2023SpringTeam20-NCSU-CNR\\server\\models\\locations.model.js": {"path":"C:\\Users\\cjden\\OneDrive\\Desktop\\Senior Design\\2023SpringTeam20-NCSU-CNR\\server\\models\\locations.model.js","statementMap":{"0":{"start":{"line":1,"column":31},"end":{"line":1,"column":51}},"1":{"start":{"line":3,"column":18},"end":{"line":3,"column":49}},"2":{"start":{"line":5,"column":17},"end":{"line":14,"column":23}},"3":{"start":{"line":16,"column":0},"end":{"line":16,"column":26}}},"fnMap":{},"branchMap":{},"s":{"0":18,"1":18,"2":18,"3":18},"f":{},"b":{},"_coverageSchema":"1a1c01bbd47fc00a2c39e90264f33305004495a9","hash":"2e6dac81a244c1704c5a125537a68840621d21a7"}
,"C:\\Users\\cjden\\OneDrive\\Desktop\\Senior Design\\2023SpringTeam20-NCSU-CNR\\server\\models\\log.model.js": {"path":"C:\\Users\\cjden\\OneDrive\\Desktop\\Senior Design\\2023SpringTeam20-NCSU-CNR\\server\\models\\log.model.js","statementMap":{"0":{"start":{"line":1,"column":20},"end":{"line":1,"column":40}},"1":{"start":{"line":3,"column":18},"end":{"line":3,"column":49}},"2":{"start":{"line":5,"column":13},"end":{"line":20,"column":23}},"3":{"start":{"line":22,"column":0},"end":{"line":22,"column":22}}},"fnMap":{},"branchMap":{},"s":{"0":18,"1":18,"2":18,"3":18},"f":{},"b":{},"_coverageSchema":"1a1c01bbd47fc00a2c39e90264f33305004495a9","hash":"8a5d273de17b574ee12d71ad2fbd616c71703f9c"}
,"C:\\Users\\cjden\\OneDrive\\Desktop\\Senior Design\\2023SpringTeam20-NCSU-CNR\\server\\models\\maintenance.model.js": {"path":"C:\\Users\\cjden\\OneDrive\\Desktop\\Senior Design\\2023SpringTeam20-NCSU-CNR\\server\\models\\maintenance.model.js","statementMap":{"0":{"start":{"line":1,"column":20},"end":{"line":1,"column":40}},"1":{"start":{"line":3,"column":17},"end":{"line":3,"column":45}},"2":{"start":{"line":4,"column":18},"end":{"line":4,"column":47}},"3":{"start":{"line":5,"column":18},"end":{"line":5,"column":49}},"4":{"start":{"line":7,"column":20},"end":{"line":37,"column":23}},"5":{"start":{"line":39,"column":0},"end":{"line":41,"column":3}},"6":{"start":{"line":43,"column":0},"end":{"line":45,"column":3}},"7":{"start":{"line":47,"column":0},"end":{"line":49,"column":3}},"8":{"start":{"line":51,"column":0},"end":{"line":53,"column":3}},"9":{"start":{"line":55,"column":0},"end":{"line":55,"column":29}}},"fnMap":{},"branchMap":{},"s":{"0":18,"1":18,"2":18,"3":18,"4":18,"5":18,"6":18,"7":18,"8":18,"9":18},"f":{},"b":{},"_coverageSchema":"1a1c01bbd47fc00a2c39e90264f33305004495a9","hash":"949e1d930be04fb924a96583146c0d39624d04d9"}
,"C:\\Users\\cjden\\OneDrive\\Desktop\\Senior Design\\2023SpringTeam20-NCSU-CNR\\server\\models\\maturation.model.js": {"path":"C:\\Users\\cjden\\OneDrive\\Desktop\\Senior Design\\2023SpringTeam20-NCSU-CNR\\server\\models\\maturation.model.js","statementMap":{"0":{"start":{"line":1,"column":20},"end":{"line":1,"column":40}},"1":{"start":{"line":3,"column":17},"end":{"line":3,"column":45}},"2":{"start":{"line":4,"column":18},"end":{"line":4,"column":47}},"3":{"start":{"line":5,"column":18},"end":{"line":5,"column":49}},"4":{"start":{"line":7,"column":19},"end":{"line":30,"column":23}},"5":{"start":{"line":32,"column":0},"end":{"line":34,"column":3}},"6":{"start":{"line":36,"column":0},"end":{"line":38,"column":3}},"7":{"start":{"line":40,"column":0},"end":{"line":42,"column":3}},"8":{"start":{"line":44,"column":0},"end":{"line":46,"column":3}},"9":{"start":{"line":48,"column":0},"end":{"line":48,"column":28}}},"fnMap":{},"branchMap":{},"s":{"0":18,"1":18,"2":18,"3":18,"4":18,"5":18,"6":18,"7":18,"8":18,"9":18},"f":{},"b":{},"_coverageSchema":"1a1c01bbd47fc00a2c39e90264f33305004495a9","hash":"d4bb6636c6aabe41b92db5e959452e249cf9a9f4"}
,"C:\\Users\\cjden\\OneDrive\\Desktop\\Senior Design\\2023SpringTeam20-NCSU-CNR\\server\\models\\population.model.js": {"path":"C:\\Users\\cjden\\OneDrive\\Desktop\\Senior Design\\2023SpringTeam20-NCSU-CNR\\server\\models\\population.model.js","statementMap":{"0":{"start":{"line":1,"column":31},"end":{"line":1,"column":51}},"1":{"start":{"line":3,"column":18},"end":{"line":3,"column":49}},"2":{"start":{"line":5,"column":19},"end":{"line":10,"column":23}},"3":{"start":{"line":12,"column":0},"end":{"line":12,"column":28}}},"fnMap":{},"branchMap":{},"s":{"0":18,"1":18,"2":18,"3":18},"f":{},"b":{},"_coverageSchema":"1a1c01bbd47fc00a2c39e90264f33305004495a9","hash":"d03f4032ac2a6ca9c4243542fd259ab6ee6355fe"}
,"C:\\Users\\cjden\\OneDrive\\Desktop\\Senior Design\\2023SpringTeam20-NCSU-CNR\\server\\models\\ramet.model.js": {"path":"C:\\Users\\cjden\\OneDrive\\Desktop\\Senior Design\\2023SpringTeam20-NCSU-CNR\\server\\models\\ramet.model.js","statementMap":{"0":{"start":{"line":1,"column":31},"end":{"line":1,"column":51}},"1":{"start":{"line":3,"column":18},"end":{"line":3,"column":49}},"2":{"start":{"line":5,"column":17},"end":{"line":5,"column":45}},"3":{"start":{"line":6,"column":18},"end":{"line":6,"column":47}},"4":{"start":{"line":7,"column":13},"end":{"line":7,"column":36}},"5":{"start":{"line":9,"column":14},"end":{"line":20,"column":23}},"6":{"start":{"line":22,"column":0},"end":{"line":24,"column":3}},"7":{"start":{"line":25,"column":0},"end":{"line":27,"column":3}},"8":{"start":{"line":29,"column":0},"end":{"line":31,"column":3}},"9":{"start":{"line":32,"column":0},"end":{"line":34,"column":3}},"10":{"start":{"line":36,"column":0},"end":{"line":38,"column":3}},"11":{"start":{"line":39,"column":0},"end":{"line":41,"column":3}},"12":{"start":{"line":43,"column":0},"end":{"line":43,"column":23}}},"fnMap":{},"branchMap":{},"s":{"0":18,"1":18,"2":18,"3":18,"4":18,"5":18,"6":18,"7":18,"8":18,"9":18,"10":18,"11":18,"12":18},"f":{},"b":{},"_coverageSchema":"1a1c01bbd47fc00a2c39e90264f33305004495a9","hash":"9a1ecf749d7cadde74d22d9452a91d670bbd2139"}
,"C:\\Users\\cjden\\OneDrive\\Desktop\\Senior Design\\2023SpringTeam20-NCSU-CNR\\server\\models\\seed.model.js": {"path":"C:\\Users\\cjden\\OneDrive\\Desktop\\Senior Design\\2023SpringTeam20-NCSU-CNR\\server\\models\\seed.model.js","statementMap":{"0":{"start":{"line":1,"column":31},"end":{"line":1,"column":51}},"1":{"start":{"line":3,"column":18},"end":{"line":3,"column":49}},"2":{"start":{"line":5,"column":13},"end":{"line":5,"column":36}},"3":{"start":{"line":6,"column":13},"end":{"line":6,"column":36}},"4":{"start":{"line":7,"column":17},"end":{"line":7,"column":45}},"5":{"start":{"line":8,"column":18},"end":{"line":8,"column":47}},"6":{"start":{"line":10,"column":13},"end":{"line":27,"column":23}},"7":{"start":{"line":29,"column":0},"end":{"line":31,"column":3}},"8":{"start":{"line":32,"column":0},"end":{"line":34,"column":3}},"9":{"start":{"line":36,"column":0},"end":{"line":41,"column":3}},"10":{"start":{"line":42,"column":0},"end":{"line":47,"column":3}},"11":{"start":{"line":49,"column":0},"end":{"line":54,"column":3}},"12":{"start":{"line":55,"column":0},"end":{"line":60,"column":3}},"13":{"start":{"line":62,"column":0},"end":{"line":67,"column":3}},"14":{"start":{"line":68,"column":0},"end":{"line":73,"column":3}},"15":{"start":{"line":75,"column":0},"end":{"line":79,"column":3}},"16":{"start":{"line":80,"column":0},"end":{"line":84,"column":3}},"17":{"start":{"line":86,"column":0},"end":{"line":86,"column":22}}},"fnMap":{},"branchMap":{},"s":{"0":18,"1":18,"2":18,"3":18,"4":18,"5":18,"6":18,"7":18,"8":18,"9":18,"10":18,"11":18,"12":18,"13":18,"14":18,"15":18,"16":18,"17":18},"f":{},"b":{},"_coverageSchema":"1a1c01bbd47fc00a2c39e90264f33305004495a9","hash":"2d5fc08a80040f3e36bb790a2476352ab6b274a0"}
,"C:\\Users\\cjden\\OneDrive\\Desktop\\Senior Design\\2023SpringTeam20-NCSU-CNR\\server\\models\\species.model.js": {"path":"C:\\Users\\cjden\\OneDrive\\Desktop\\Senior Design\\2023SpringTeam20-NCSU-CNR\\server\\models\\species.model.js","statementMap":{"0":{"start":{"line":1,"column":31},"end":{"line":1,"column":51}},"1":{"start":{"line":3,"column":18},"end":{"line":3,"column":49}},"2":{"start":{"line":5,"column":16},"end":{"line":13,"column":23}},"3":{"start":{"line":15,"column":0},"end":{"line":15,"column":25}}},"fnMap":{},"branchMap":{},"s":{"0":18,"1":18,"2":18,"3":18},"f":{},"b":{},"_coverageSchema":"1a1c01bbd47fc00a2c39e90264f33305004495a9","hash":"616027f3e7c234fbe7e65c8f66e39bc4ddb9b1f6"}
,"C:\\Users\\cjden\\OneDrive\\Desktop\\Senior Design\\2023SpringTeam20-NCSU-CNR\\server\\models\\tree.model.js": {"path":"C:\\Users\\cjden\\OneDrive\\Desktop\\Senior Design\\2023SpringTeam20-NCSU-CNR\\server\\models\\tree.model.js","statementMap":{"0":{"start":{"line":1,"column":20},"end":{"line":1,"column":40}},"1":{"start":{"line":3,"column":18},"end":{"line":3,"column":49}},"2":{"start":{"line":5,"column":17},"end":{"line":5,"column":45}},"3":{"start":{"line":6,"column":18},"end":{"line":6,"column":47}},"4":{"start":{"line":9,"column":13},"end":{"line":20,"column":23}},"5":{"start":{"line":22,"column":0},"end":{"line":24,"column":3}},"6":{"start":{"line":25,"column":0},"end":{"line":27,"column":3}},"7":{"start":{"line":28,"column":0},"end":{"line":30,"column":3}},"8":{"start":{"line":31,"column":0},"end":{"line":33,"column":3}},"9":{"start":{"line":36,"column":0},"end":{"line":36,"column":22}}},"fnMap":{},"branchMap":{},"s":{"0":18,"1":18,"2":18,"3":18,"4":18,"5":18,"6":18,"7":18,"8":18,"9":18},"f":{},"b":{},"_coverageSchema":"1a1c01bbd47fc00a2c39e90264f33305004495a9","hash":"0560ecfb53f046fef42276da4a4a45346b808eab"}
,"C:\\Users\\cjden\\OneDrive\\Desktop\\Senior Design\\2023SpringTeam20-NCSU-CNR\\server\\models\\user.model.js": {"path":"C:\\Users\\cjden\\OneDrive\\Desktop\\Senior Design\\2023SpringTeam20-NCSU-CNR\\server\\models\\user.model.js","statementMap":{"0":{"start":{"line":1,"column":20},"end":{"line":1,"column":40}},"1":{"start":{"line":3,"column":18},"end":{"line":3,"column":49}},"2":{"start":{"line":5,"column":13},"end":{"line":27,"column":23}},"3":{"start":{"line":29,"column":0},"end":{"line":29,"column":22}}},"fnMap":{},"branchMap":{},"s":{"0":18,"1":18,"2":18,"3":18},"f":{},"b":{},"_coverageSchema":"1a1c01bbd47fc00a2c39e90264f33305004495a9","hash":"58dc72901360f6a1c67a244cd087b67cbd137eb8"}
,"C:\\Users\\cjden\\OneDrive\\Desktop\\Senior Design\\2023SpringTeam20-NCSU-CNR\\server\\routes\\acclimation.route.js": {"path":"C:\\Users\\cjden\\OneDrive\\Desktop\\Senior Design\\2023SpringTeam20-NCSU-CNR\\server\\routes\\acclimation.route.js","statementMap":{"0":{"start":{"line":1,"column":0},"end":{"line":108,"column":2}},"1":{"start":{"line":3,"column":24},"end":{"line":3,"column":62}},"2":{"start":{"line":4,"column":17},"end":{"line":4,"column":44}},"3":{"start":{"line":5,"column":15},"end":{"line":5,"column":46}},"4":{"start":{"line":8,"column":4},"end":{"line":16,"column":7}},"5":{"start":{"line":9,"column":8},"end":{"line":15,"column":10}},"6":{"start":{"line":10,"column":12},"end":{"line":10,"column":33}},"7":{"start":{"line":11,"column":12},"end":{"line":11,"column":37}},"8":{"start":{"line":12,"column":12},"end":{"line":12,"column":31}},"9":{"start":{"line":14,"column":12},"end":{"line":14,"column":67}},"10":{"start":{"line":19,"column":4},"end":{"line":39,"column":7}},"11":{"start":{"line":20,"column":22},"end":{"line":20,"column":44}},"12":{"start":{"line":21,"column":35},"end":{"line":21,"column":59}},"13":{"start":{"line":22,"column":30},"end":{"line":22,"column":49}},"14":{"start":{"line":23,"column":29},"end":{"line":23,"column":58}},"15":{"start":{"line":25,"column":8},"end":{"line":38,"column":10}},"16":{"start":{"line":26,"column":12},"end":{"line":37,"column":14}},"17":{"start":{"line":33,"column":16},"end":{"line":33,"column":36}},"18":{"start":{"line":35,"column":16},"end":{"line":35,"column":63}},"19":{"start":{"line":36,"column":16},"end":{"line":36,"column":36}},"20":{"start":{"line":42,"column":4},"end":{"line":52,"column":7}},"21":{"start":{"line":43,"column":22},"end":{"line":43,"column":35}},"22":{"start":{"line":44,"column":28},"end":{"line":44,"column":90}},"23":{"start":{"line":45,"column":8},"end":{"line":51,"column":9}},"24":{"start":{"line":46,"column":12},"end":{"line":46,"column":33}},"25":{"start":{"line":47,"column":12},"end":{"line":47,"column":37}},"26":{"start":{"line":48,"column":12},"end":{"line":48,"column":34}},"27":{"start":{"line":50,"column":12},"end":{"line":50,"column":32}},"28":{"start":{"line":55,"column":4},"end":{"line":66,"column":7}},"29":{"start":{"line":56,"column":22},"end":{"line":56,"column":35}},"30":{"start":{"line":57,"column":28},"end":{"line":57,"column":90}},"31":{"start":{"line":59,"column":8},"end":{"line":65,"column":9}},"32":{"start":{"line":60,"column":12},"end":{"line":60,"column":76}},"33":{"start":{"line":61,"column":12},"end":{"line":61,"column":32}},"34":{"start":{"line":64,"column":12},"end":{"line":64,"column":32}},"35":{"start":{"line":68,"column":4},"end":{"line":93,"column":7}},"36":{"start":{"line":69,"column":22},"end":{"line":69,"column":35}},"37":{"start":{"line":70,"column":28},"end":{"line":70,"column":90}},"38":{"start":{"line":71,"column":8},"end":{"line":92,"column":9}},"39":{"start":{"line":72,"column":39},"end":{"line":72,"column":63}},"40":{"start":{"line":73,"column":34},"end":{"line":73,"column":53}},"41":{"start":{"line":74,"column":33},"end":{"line":74,"column":62}},"42":{"start":{"line":75,"column":30},"end":{"line":75,"column":45}},"43":{"start":{"line":76,"column":37},"end":{"line":76,"column":59}},"44":{"start":{"line":78,"column":12},"end":{"line":81,"column":13}},"45":{"start":{"line":79,"column":16},"end":{"line":79,"column":36}},"46":{"start":{"line":80,"column":16},"end":{"line":80,"column":23}},"47":{"start":{"line":82,"column":12},"end":{"line":88,"column":15}},"48":{"start":{"line":89,"column":12},"end":{"line":89,"column":32}},"49":{"start":{"line":91,"column":12},"end":{"line":91,"column":32}},"50":{"start":{"line":96,"column":4},"end":{"line":105,"column":7}},"51":{"start":{"line":97,"column":22},"end":{"line":97,"column":35}},"52":{"start":{"line":98,"column":28},"end":{"line":98,"column":90}},"53":{"start":{"line":99,"column":8},"end":{"line":104,"column":9}},"54":{"start":{"line":100,"column":12},"end":{"line":100,"column":34}},"55":{"start":{"line":101,"column":12},"end":{"line":101,"column":32}},"56":{"start":{"line":103,"column":12},"end":{"line":103,"column":32}},"57":{"start":{"line":107,"column":4},"end":{"line":107,"column":37}}},"fnMap":{"0":{"name":"(anonymous_0)","decl":{"start":{"line":1,"column":17},"end":{"line":1,"column":18}},"loc":{"start":{"line":1,"column":26},"end":{"line":108,"column":1}},"line":1},"1":{"name":"(anonymous_1)","decl":{"start":{"line":8,"column":20},"end":{"line":8,"column":21}},"loc":{"start":{"line":8,"column":40},"end":{"line":16,"column":5}},"line":8},"2":{"name":"(anonymous_2)","decl":{"start":{"line":9,"column":41},"end":{"line":9,"column":42}},"loc":{"start":{"line":9,"column":55},"end":{"line":13,"column":9}},"line":9},"3":{"name":"(anonymous_3)","decl":{"start":{"line":13,"column":17},"end":{"line":13,"column":18}},"loc":{"start":{"line":13,"column":28},"end":{"line":15,"column":9}},"line":13},"4":{"name":"(anonymous_4)","decl":{"start":{"line":19,"column":21},"end":{"line":19,"column":22}},"loc":{"start":{"line":19,"column":35},"end":{"line":39,"column":5}},"line":19},"5":{"name":"(anonymous_5)","decl":{"start":{"line":25,"column":23},"end":{"line":25,"column":24}},"loc":{"start":{"line":25,"column":29},"end":{"line":38,"column":9}},"line":25},"6":{"name":"(anonymous_6)","decl":{"start":{"line":32,"column":20},"end":{"line":32,"column":21}},"loc":{"start":{"line":32,"column":34},"end":{"line":34,"column":13}},"line":32},"7":{"name":"(anonymous_7)","decl":{"start":{"line":34,"column":21},"end":{"line":34,"column":22}},"loc":{"start":{"line":34,"column":32},"end":{"line":37,"column":13}},"line":34},"8":{"name":"(anonymous_8)","decl":{"start":{"line":42,"column":23},"end":{"line":42,"column":24}},"loc":{"start":{"line":42,"column":43},"end":{"line":52,"column":5}},"line":42},"9":{"name":"(anonymous_9)","decl":{"start":{"line":55,"column":23},"end":{"line":55,"column":24}},"loc":{"start":{"line":55,"column":43},"end":{"line":66,"column":5}},"line":55},"10":{"name":"(anonymous_10)","decl":{"start":{"line":68,"column":30},"end":{"line":68,"column":31}},"loc":{"start":{"line":68,"column":50},"end":{"line":93,"column":5}},"line":68},"11":{"name":"(anonymous_11)","decl":{"start":{"line":96,"column":26},"end":{"line":96,"column":27}},"loc":{"start":{"line":96,"column":46},"end":{"line":105,"column":5}},"line":96}},"branchMap":{"0":{"loc":{"start":{"line":45,"column":8},"end":{"line":51,"column":9}},"type":"if","locations":[{"start":{"line":45,"column":8},"end":{"line":51,"column":9}},{"start":{"line":49,"column":15},"end":{"line":51,"column":9}}],"line":45},"1":{"loc":{"start":{"line":59,"column":8},"end":{"line":65,"column":9}},"type":"if","locations":[{"start":{"line":59,"column":8},"end":{"line":65,"column":9}},{"start":{"line":63,"column":15},"end":{"line":65,"column":9}}],"line":59},"2":{"loc":{"start":{"line":60,"column":41},"end":{"line":60,"column":73}},"type":"cond-expr","locations":[{"start":{"line":60,"column":62},"end":{"line":60,"column":67}},{"start":{"line":60,"column":69},"end":{"line":60,"column":73}}],"line":60},"3":{"loc":{"start":{"line":71,"column":8},"end":{"line":92,"column":9}},"type":"if","locations":[{"start":{"line":71,"column":8},"end":{"line":92,"column":9}},{"start":{"line":90,"column":15},"end":{"line":92,"column":9}}],"line":71},"4":{"loc":{"start":{"line":78,"column":12},"end":{"line":81,"column":13}},"type":"if","locations":[{"start":{"line":78,"column":12},"end":{"line":81,"column":13}},{"start":{},"end":{}}],"line":78},"5":{"loc":{"start":{"line":78,"column":16},"end":{"line":78,"column":157}},"type":"binary-expr","locations":[{"start":{"line":78,"column":16},"end":{"line":78,"column":29}},{"start":{"line":78,"column":33},"end":{"line":78,"column":59}},{"start":{"line":78,"column":63},"end":{"line":78,"column":84}},{"start":{"line":78,"column":88},"end":{"line":78,"column":108}},{"start":{"line":78,"column":112},"end":{"line":78,"column":129}},{"start":{"line":78,"column":133},"end":{"line":78,"column":157}}],"line":78},"6":{"loc":{"start":{"line":99,"column":8},"end":{"line":104,"column":9}},"type":"if","locations":[{"start":{"line":99,"column":8},"end":{"line":104,"column":9}},{"start":{"line":102,"column":15},"end":{"line":104,"column":9}}],"line":99}},"s":{"0":18,"1":18,"2":18,"3":18,"4":18,"5":1,"6":1,"7":1,"8":1,"9":0,"10":18,"11":2,"12":2,"13":2,"14":2,"15":2,"16":2,"17":1,"18":1,"19":1,"20":18,"21":2,"22":2,"23":2,"24":1,"25":1,"26":1,"27":1,"28":18,"29":2,"30":2,"31":2,"32":1,"33":1,"34":1,"35":18,"36":1,"37":1,"38":1,"39":1,"40":1,"41":1,"42":1,"43":1,"44":1,"45":1,"46":1,"47":0,"48":0,"49":0,"50":18,"51":2,"52":2,"53":2,"54":1,"55":1,"56":1,"57":18},"f":{"0":18,"1":1,"2":1,"3":0,"4":2,"5":2,"6":1,"7":1,"8":2,"9":2,"10":1,"11":2},"b":{"0":[1,1],"1":[1,1],"2":[1,0],"3":[1,0],"4":[1,0],"5":[1,1,0,0,0,0],"6":[1,1]},"_coverageSchema":"1a1c01bbd47fc00a2c39e90264f33305004495a9","hash":"0a420f90b44a4382f97590bfa2da887c24d6238b"}
,"C:\\Users\\cjden\\OneDrive\\Desktop\\Senior Design\\2023SpringTeam20-NCSU-CNR\\server\\routes\\coldtreatment.route.js": {"path":"C:\\Users\\cjden\\OneDrive\\Desktop\\Senior Design\\2023SpringTeam20-NCSU-CNR\\server\\routes\\coldtreatment.route.js","statementMap":{"0":{"start":{"line":1,"column":0},"end":{"line":119,"column":2}},"1":{"start":{"line":3,"column":26},"end":{"line":3,"column":66}},"2":{"start":{"line":4,"column":17},"end":{"line":4,"column":44}},"3":{"start":{"line":5,"column":15},"end":{"line":5,"column":46}},"4":{"start":{"line":8,"column":4},"end":{"line":16,"column":7}},"5":{"start":{"line":9,"column":8},"end":{"line":15,"column":10}},"6":{"start":{"line":10,"column":12},"end":{"line":10,"column":33}},"7":{"start":{"line":11,"column":12},"end":{"line":11,"column":37}},"8":{"start":{"line":12,"column":12},"end":{"line":12,"column":31}},"9":{"start":{"line":14,"column":12},"end":{"line":14,"column":70}},"10":{"start":{"line":19,"column":4},"end":{"line":43,"column":7}},"11":{"start":{"line":20,"column":22},"end":{"line":20,"column":46}},"12":{"start":{"line":21,"column":33},"end":{"line":21,"column":55}},"13":{"start":{"line":22,"column":28},"end":{"line":22,"column":45}},"14":{"start":{"line":23,"column":28},"end":{"line":23,"column":45}},"15":{"start":{"line":24,"column":29},"end":{"line":24,"column":60}},"16":{"start":{"line":25,"column":30},"end":{"line":25,"column":49}},"17":{"start":{"line":27,"column":8},"end":{"line":42,"column":10}},"18":{"start":{"line":28,"column":12},"end":{"line":41,"column":14}},"19":{"start":{"line":37,"column":16},"end":{"line":37,"column":36}},"20":{"start":{"line":39,"column":16},"end":{"line":39,"column":63}},"21":{"start":{"line":40,"column":16},"end":{"line":40,"column":36}},"22":{"start":{"line":46,"column":4},"end":{"line":56,"column":7}},"23":{"start":{"line":47,"column":22},"end":{"line":47,"column":35}},"24":{"start":{"line":48,"column":30},"end":{"line":48,"column":96}},"25":{"start":{"line":49,"column":8},"end":{"line":55,"column":9}},"26":{"start":{"line":50,"column":12},"end":{"line":50,"column":33}},"27":{"start":{"line":51,"column":12},"end":{"line":51,"column":37}},"28":{"start":{"line":52,"column":12},"end":{"line":52,"column":36}},"29":{"start":{"line":54,"column":12},"end":{"line":54,"column":32}},"30":{"start":{"line":59,"column":4},"end":{"line":70,"column":7}},"31":{"start":{"line":60,"column":22},"end":{"line":60,"column":35}},"32":{"start":{"line":61,"column":30},"end":{"line":61,"column":96}},"33":{"start":{"line":63,"column":8},"end":{"line":69,"column":9}},"34":{"start":{"line":64,"column":12},"end":{"line":64,"column":79}},"35":{"start":{"line":65,"column":12},"end":{"line":65,"column":32}},"36":{"start":{"line":68,"column":12},"end":{"line":68,"column":32}},"37":{"start":{"line":72,"column":4},"end":{"line":103,"column":7}},"38":{"start":{"line":73,"column":22},"end":{"line":73,"column":35}},"39":{"start":{"line":74,"column":30},"end":{"line":74,"column":96}},"40":{"start":{"line":76,"column":8},"end":{"line":102,"column":9}},"41":{"start":{"line":78,"column":37},"end":{"line":78,"column":59}},"42":{"start":{"line":79,"column":32},"end":{"line":79,"column":49}},"43":{"start":{"line":80,"column":32},"end":{"line":80,"column":49}},"44":{"start":{"line":81,"column":33},"end":{"line":81,"column":64}},"45":{"start":{"line":82,"column":34},"end":{"line":82,"column":53}},"46":{"start":{"line":83,"column":30},"end":{"line":83,"column":45}},"47":{"start":{"line":84,"column":39},"end":{"line":84,"column":63}},"48":{"start":{"line":86,"column":12},"end":{"line":89,"column":13}},"49":{"start":{"line":87,"column":16},"end":{"line":87,"column":36}},"50":{"start":{"line":88,"column":16},"end":{"line":88,"column":23}},"51":{"start":{"line":90,"column":12},"end":{"line":98,"column":15}},"52":{"start":{"line":99,"column":12},"end":{"line":99,"column":32}},"53":{"start":{"line":101,"column":12},"end":{"line":101,"column":32}},"54":{"start":{"line":106,"column":4},"end":{"line":116,"column":7}},"55":{"start":{"line":107,"column":22},"end":{"line":107,"column":35}},"56":{"start":{"line":108,"column":30},"end":{"line":108,"column":96}},"57":{"start":{"line":110,"column":8},"end":{"line":115,"column":9}},"58":{"start":{"line":111,"column":12},"end":{"line":111,"column":36}},"59":{"start":{"line":112,"column":12},"end":{"line":112,"column":32}},"60":{"start":{"line":114,"column":12},"end":{"line":114,"column":32}},"61":{"start":{"line":118,"column":4},"end":{"line":118,"column":39}}},"fnMap":{"0":{"name":"(anonymous_0)","decl":{"start":{"line":1,"column":17},"end":{"line":1,"column":18}},"loc":{"start":{"line":1,"column":26},"end":{"line":119,"column":1}},"line":1},"1":{"name":"(anonymous_1)","decl":{"start":{"line":8,"column":20},"end":{"line":8,"column":21}},"loc":{"start":{"line":8,"column":40},"end":{"line":16,"column":5}},"line":8},"2":{"name":"(anonymous_2)","decl":{"start":{"line":9,"column":43},"end":{"line":9,"column":44}},"loc":{"start":{"line":9,"column":57},"end":{"line":13,"column":9}},"line":9},"3":{"name":"(anonymous_3)","decl":{"start":{"line":13,"column":17},"end":{"line":13,"column":18}},"loc":{"start":{"line":13,"column":28},"end":{"line":15,"column":9}},"line":13},"4":{"name":"(anonymous_4)","decl":{"start":{"line":19,"column":21},"end":{"line":19,"column":22}},"loc":{"start":{"line":19,"column":35},"end":{"line":43,"column":5}},"line":19},"5":{"name":"(anonymous_5)","decl":{"start":{"line":27,"column":23},"end":{"line":27,"column":24}},"loc":{"start":{"line":27,"column":29},"end":{"line":42,"column":9}},"line":27},"6":{"name":"(anonymous_6)","decl":{"start":{"line":36,"column":20},"end":{"line":36,"column":21}},"loc":{"start":{"line":36,"column":34},"end":{"line":38,"column":13}},"line":36},"7":{"name":"(anonymous_7)","decl":{"start":{"line":38,"column":21},"end":{"line":38,"column":22}},"loc":{"start":{"line":38,"column":32},"end":{"line":41,"column":13}},"line":38},"8":{"name":"(anonymous_8)","decl":{"start":{"line":46,"column":23},"end":{"line":46,"column":24}},"loc":{"start":{"line":46,"column":43},"end":{"line":56,"column":5}},"line":46},"9":{"name":"(anonymous_9)","decl":{"start":{"line":59,"column":23},"end":{"line":59,"column":24}},"loc":{"start":{"line":59,"column":43},"end":{"line":70,"column":5}},"line":59},"10":{"name":"(anonymous_10)","decl":{"start":{"line":72,"column":30},"end":{"line":72,"column":31}},"loc":{"start":{"line":72,"column":50},"end":{"line":103,"column":5}},"line":72},"11":{"name":"(anonymous_11)","decl":{"start":{"line":106,"column":26},"end":{"line":106,"column":27}},"loc":{"start":{"line":106,"column":46},"end":{"line":116,"column":5}},"line":106}},"branchMap":{"0":{"loc":{"start":{"line":49,"column":8},"end":{"line":55,"column":9}},"type":"if","locations":[{"start":{"line":49,"column":8},"end":{"line":55,"column":9}},{"start":{"line":53,"column":15},"end":{"line":55,"column":9}}],"line":49},"1":{"loc":{"start":{"line":63,"column":8},"end":{"line":69,"column":9}},"type":"if","locations":[{"start":{"line":63,"column":8},"end":{"line":69,"column":9}},{"start":{"line":67,"column":15},"end":{"line":69,"column":9}}],"line":63},"2":{"loc":{"start":{"line":64,"column":43},"end":{"line":64,"column":76}},"type":"cond-expr","locations":[{"start":{"line":64,"column":65},"end":{"line":64,"column":70}},{"start":{"line":64,"column":72},"end":{"line":64,"column":76}}],"line":64},"3":{"loc":{"start":{"line":76,"column":8},"end":{"line":102,"column":9}},"type":"if","locations":[{"start":{"line":76,"column":8},"end":{"line":102,"column":9}},{"start":{"line":100,"column":15},"end":{"line":102,"column":9}}],"line":76},"4":{"loc":{"start":{"line":86,"column":12},"end":{"line":89,"column":13}},"type":"if","locations":[{"start":{"line":86,"column":12},"end":{"line":89,"column":13}},{"start":{},"end":{}}],"line":86},"5":{"loc":{"start":{"line":86,"column":16},"end":{"line":86,"column":434}},"type":"binary-expr","locations":[{"start":{"line":86,"column":16},"end":{"line":86,"column":42}},{"start":{"line":86,"column":46},"end":{"line":86,"column":77}},{"start":{"line":86,"column":81},"end":{"line":86,"column":94}},{"start":{"line":86,"column":98},"end":{"line":86,"column":116}},{"start":{"line":86,"column":120},"end":{"line":86,"column":144}},{"start":{"line":86,"column":148},"end":{"line":86,"column":177}},{"start":{"line":86,"column":181},"end":{"line":86,"column":200}},{"start":{"line":86,"column":204},"end":{"line":86,"column":228}},{"start":{"line":86,"column":232},"end":{"line":86,"column":251}},{"start":{"line":86,"column":255},"end":{"line":86,"column":279}},{"start":{"line":86,"column":283},"end":{"line":86,"column":303}},{"start":{"line":86,"column":307},"end":{"line":86,"column":332}},{"start":{"line":86,"column":336},"end":{"line":86,"column":357}},{"start":{"line":86,"column":361},"end":{"line":86,"column":387}},{"start":{"line":86,"column":391},"end":{"line":86,"column":408}},{"start":{"line":86,"column":412},"end":{"line":86,"column":434}}],"line":86},"6":{"loc":{"start":{"line":110,"column":8},"end":{"line":115,"column":9}},"type":"if","locations":[{"start":{"line":110,"column":8},"end":{"line":115,"column":9}},{"start":{"line":113,"column":15},"end":{"line":115,"column":9}}],"line":110}},"s":{"0":18,"1":18,"2":18,"3":18,"4":18,"5":1,"6":1,"7":1,"8":1,"9":0,"10":18,"11":2,"12":2,"13":2,"14":2,"15":2,"16":2,"17":2,"18":2,"19":1,"20":1,"21":1,"22":18,"23":2,"24":2,"25":2,"26":1,"27":1,"28":1,"29":1,"30":18,"31":2,"32":2,"33":2,"34":1,"35":1,"36":1,"37":18,"38":1,"39":1,"40":1,"41":1,"42":1,"43":1,"44":1,"45":1,"46":1,"47":1,"48":1,"49":1,"50":1,"51":0,"52":0,"53":0,"54":18,"55":2,"56":2,"57":2,"58":1,"59":1,"60":1,"61":18},"f":{"0":18,"1":1,"2":1,"3":0,"4":2,"5":2,"6":1,"7":1,"8":2,"9":2,"10":1,"11":2},"b":{"0":[1,1],"1":[1,1],"2":[1,0],"3":[1,0],"4":[1,0],"5":[1,0,0,0,0,0,0,0,0,0,0,0,0,0,0,0],"6":[1,1]},"_coverageSchema":"1a1c01bbd47fc00a2c39e90264f33305004495a9","hash":"e3a71fa00e0828e0a474e84c0725adcbef33b011"}
,"C:\\Users\\cjden\\OneDrive\\Desktop\\Senior Design\\2023SpringTeam20-NCSU-CNR\\server\\routes\\cone.route.js": {"path":"C:\\Users\\cjden\\OneDrive\\Desktop\\Senior Design\\2023SpringTeam20-NCSU-CNR\\server\\routes\\cone.route.js","statementMap":{"0":{"start":{"line":1,"column":0},"end":{"line":114,"column":1}},"1":{"start":{"line":2,"column":15},"end":{"line":2,"column":46}},"2":{"start":{"line":3,"column":15},"end":{"line":3,"column":42}},"3":{"start":{"line":4,"column":13},"end":{"line":4,"column":44}},"4":{"start":{"line":7,"column":2},"end":{"line":15,"column":5}},"5":{"start":{"line":8,"column":4},"end":{"line":14,"column":6}},"6":{"start":{"line":9,"column":6},"end":{"line":9,"column":27}},"7":{"start":{"line":10,"column":6},"end":{"line":10,"column":31}},"8":{"start":{"line":11,"column":6},"end":{"line":11,"column":25}},"9":{"start":{"line":13,"column":6},"end":{"line":13,"column":54}},"10":{"start":{"line":18,"column":2},"end":{"line":32,"column":5}},"11":{"start":{"line":19,"column":22},"end":{"line":19,"column":35}},"12":{"start":{"line":20,"column":4},"end":{"line":31,"column":6}},"13":{"start":{"line":21,"column":6},"end":{"line":27,"column":7}},"14":{"start":{"line":22,"column":8},"end":{"line":22,"column":29}},"15":{"start":{"line":23,"column":8},"end":{"line":23,"column":33}},"16":{"start":{"line":24,"column":8},"end":{"line":24,"column":27}},"17":{"start":{"line":26,"column":8},"end":{"line":26,"column":28}},"18":{"start":{"line":29,"column":6},"end":{"line":29,"column":53}},"19":{"start":{"line":30,"column":6},"end":{"line":30,"column":20}},"20":{"start":{"line":35,"column":2},"end":{"line":61,"column":5}},"21":{"start":{"line":36,"column":22},"end":{"line":36,"column":33}},"22":{"start":{"line":37,"column":29},"end":{"line":37,"column":51}},"23":{"start":{"line":38,"column":26},"end":{"line":38,"column":45}},"24":{"start":{"line":39,"column":28},"end":{"line":39,"column":49}},"25":{"start":{"line":40,"column":29},"end":{"line":40,"column":51}},"26":{"start":{"line":41,"column":28},"end":{"line":41,"column":49}},"27":{"start":{"line":42,"column":23},"end":{"line":42,"column":39}},"28":{"start":{"line":44,"column":4},"end":{"line":60,"column":6}},"29":{"start":{"line":45,"column":6},"end":{"line":59,"column":8}},"30":{"start":{"line":55,"column":8},"end":{"line":55,"column":28}},"31":{"start":{"line":57,"column":8},"end":{"line":57,"column":55}},"32":{"start":{"line":58,"column":8},"end":{"line":58,"column":28}},"33":{"start":{"line":64,"column":2},"end":{"line":73,"column":5}},"34":{"start":{"line":65,"column":22},"end":{"line":65,"column":35}},"35":{"start":{"line":66,"column":17},"end":{"line":66,"column":65}},"36":{"start":{"line":67,"column":4},"end":{"line":72,"column":5}},"37":{"start":{"line":68,"column":6},"end":{"line":68,"column":58}},"38":{"start":{"line":69,"column":6},"end":{"line":69,"column":26}},"39":{"start":{"line":71,"column":6},"end":{"line":71,"column":26}},"40":{"start":{"line":75,"column":2},"end":{"line":98,"column":5}},"41":{"start":{"line":76,"column":22},"end":{"line":76,"column":35}},"42":{"start":{"line":77,"column":29},"end":{"line":77,"column":51}},"43":{"start":{"line":78,"column":26},"end":{"line":78,"column":45}},"44":{"start":{"line":79,"column":28},"end":{"line":79,"column":49}},"45":{"start":{"line":80,"column":29},"end":{"line":80,"column":51}},"46":{"start":{"line":81,"column":28},"end":{"line":81,"column":49}},"47":{"start":{"line":82,"column":23},"end":{"line":82,"column":39}},"48":{"start":{"line":84,"column":17},"end":{"line":84,"column":65}},"49":{"start":{"line":85,"column":4},"end":{"line":97,"column":5}},"50":{"start":{"line":86,"column":6},"end":{"line":93,"column":9}},"51":{"start":{"line":94,"column":6},"end":{"line":94,"column":26}},"52":{"start":{"line":96,"column":6},"end":{"line":96,"column":26}},"53":{"start":{"line":102,"column":2},"end":{"line":111,"column":5}},"54":{"start":{"line":103,"column":20},"end":{"line":103,"column":33}},"55":{"start":{"line":104,"column":17},"end":{"line":104,"column":63}},"56":{"start":{"line":105,"column":4},"end":{"line":110,"column":5}},"57":{"start":{"line":106,"column":6},"end":{"line":106,"column":21}},"58":{"start":{"line":107,"column":6},"end":{"line":107,"column":26}},"59":{"start":{"line":109,"column":6},"end":{"line":109,"column":26}},"60":{"start":{"line":113,"column":2},"end":{"line":113,"column":28}}},"fnMap":{"0":{"name":"(anonymous_0)","decl":{"start":{"line":1,"column":17},"end":{"line":1,"column":18}},"loc":{"start":{"line":1,"column":26},"end":{"line":114,"column":1}},"line":1},"1":{"name":"(anonymous_1)","decl":{"start":{"line":7,"column":18},"end":{"line":7,"column":19}},"loc":{"start":{"line":7,"column":38},"end":{"line":15,"column":3}},"line":7},"2":{"name":"(anonymous_2)","decl":{"start":{"line":8,"column":24},"end":{"line":8,"column":25}},"loc":{"start":{"line":8,"column":38},"end":{"line":12,"column":5}},"line":8},"3":{"name":"(anonymous_3)","decl":{"start":{"line":12,"column":13},"end":{"line":12,"column":14}},"loc":{"start":{"line":12,"column":24},"end":{"line":14,"column":5}},"line":12},"4":{"name":"(anonymous_4)","decl":{"start":{"line":18,"column":21},"end":{"line":18,"column":22}},"loc":{"start":{"line":18,"column":41},"end":{"line":32,"column":3}},"line":18},"5":{"name":"(anonymous_5)","decl":{"start":{"line":20,"column":58},"end":{"line":20,"column":59}},"loc":{"start":{"line":20,"column":72},"end":{"line":28,"column":5}},"line":20},"6":{"name":"(anonymous_6)","decl":{"start":{"line":28,"column":13},"end":{"line":28,"column":14}},"loc":{"start":{"line":28,"column":24},"end":{"line":31,"column":5}},"line":28},"7":{"name":"(anonymous_7)","decl":{"start":{"line":35,"column":19},"end":{"line":35,"column":20}},"loc":{"start":{"line":35,"column":39},"end":{"line":61,"column":3}},"line":35},"8":{"name":"(anonymous_8)","decl":{"start":{"line":44,"column":25},"end":{"line":44,"column":26}},"loc":{"start":{"line":44,"column":37},"end":{"line":60,"column":5}},"line":44},"9":{"name":"(anonymous_9)","decl":{"start":{"line":54,"column":14},"end":{"line":54,"column":15}},"loc":{"start":{"line":54,"column":28},"end":{"line":56,"column":7}},"line":54},"10":{"name":"(anonymous_10)","decl":{"start":{"line":56,"column":15},"end":{"line":56,"column":16}},"loc":{"start":{"line":56,"column":26},"end":{"line":59,"column":7}},"line":56},"11":{"name":"(anonymous_11)","decl":{"start":{"line":64,"column":21},"end":{"line":64,"column":22}},"loc":{"start":{"line":64,"column":41},"end":{"line":73,"column":3}},"line":64},"12":{"name":"(anonymous_12)","decl":{"start":{"line":75,"column":26},"end":{"line":75,"column":27}},"loc":{"start":{"line":75,"column":46},"end":{"line":98,"column":3}},"line":75},"13":{"name":"(anonymous_13)","decl":{"start":{"line":102,"column":24},"end":{"line":102,"column":25}},"loc":{"start":{"line":102,"column":44},"end":{"line":111,"column":3}},"line":102}},"branchMap":{"0":{"loc":{"start":{"line":21,"column":6},"end":{"line":27,"column":7}},"type":"if","locations":[{"start":{"line":21,"column":6},"end":{"line":27,"column":7}},{"start":{"line":25,"column":13},"end":{"line":27,"column":7}}],"line":21},"1":{"loc":{"start":{"line":67,"column":4},"end":{"line":72,"column":5}},"type":"if","locations":[{"start":{"line":67,"column":4},"end":{"line":72,"column":5}},{"start":{"line":70,"column":11},"end":{"line":72,"column":5}}],"line":67},"2":{"loc":{"start":{"line":68,"column":28},"end":{"line":68,"column":54}},"type":"cond-expr","locations":[{"start":{"line":68,"column":42},"end":{"line":68,"column":47}},{"start":{"line":68,"column":50},"end":{"line":68,"column":54}}],"line":68},"3":{"loc":{"start":{"line":85,"column":4},"end":{"line":97,"column":5}},"type":"if","locations":[{"start":{"line":85,"column":4},"end":{"line":97,"column":5}},{"start":{"line":95,"column":11},"end":{"line":97,"column":5}}],"line":85},"4":{"loc":{"start":{"line":105,"column":4},"end":{"line":110,"column":5}},"type":"if","locations":[{"start":{"line":105,"column":4},"end":{"line":110,"column":5}},{"start":{"line":108,"column":11},"end":{"line":110,"column":5}}],"line":105}},"s":{"0":18,"1":18,"2":18,"3":18,"4":18,"5":1,"6":1,"7":1,"8":1,"9":0,"10":18,"11":2,"12":2,"13":2,"14":1,"15":1,"16":1,"17":1,"18":0,"19":0,"20":18,"21":2,"22":2,"23":2,"24":2,"25":2,"26":2,"27":2,"28":2,"29":2,"30":1,"31":1,"32":1,"33":18,"34":2,"35":2,"36":2,"37":1,"38":1,"39":1,"40":18,"41":0,"42":0,"43":0,"44":0,"45":0,"46":0,"47":0,"48":0,"49":0,"50":0,"51":0,"52":0,"53":18,"54":1,"55":1,"56":1,"57":1,"58":1,"59":0,"60":18},"f":{"0":18,"1":1,"2":1,"3":0,"4":2,"5":2,"6":0,"7":2,"8":2,"9":1,"10":1,"11":2,"12":0,"13":1},"b":{"0":[1,1],"1":[1,1],"2":[1,0],"3":[0,0],"4":[1,0]},"_coverageSchema":"1a1c01bbd47fc00a2c39e90264f33305004495a9","hash":"f0f3ec5e6aec5a1e8aee5759c58b4f1b06aeb983"}
,"C:\\Users\\cjden\\OneDrive\\Desktop\\Senior Design\\2023SpringTeam20-NCSU-CNR\\server\\routes\\fieldstation.route.js": {"path":"C:\\Users\\cjden\\OneDrive\\Desktop\\Senior Design\\2023SpringTeam20-NCSU-CNR\\server\\routes\\fieldstation.route.js","statementMap":{"0":{"start":{"line":1,"column":0},"end":{"line":109,"column":1}},"1":{"start":{"line":3,"column":25},"end":{"line":3,"column":64}},"2":{"start":{"line":4,"column":17},"end":{"line":4,"column":44}},"3":{"start":{"line":5,"column":15},"end":{"line":5,"column":46}},"4":{"start":{"line":8,"column":4},"end":{"line":16,"column":7}},"5":{"start":{"line":9,"column":8},"end":{"line":15,"column":10}},"6":{"start":{"line":10,"column":12},"end":{"line":10,"column":33}},"7":{"start":{"line":11,"column":12},"end":{"line":11,"column":37}},"8":{"start":{"line":12,"column":12},"end":{"line":12,"column":31}},"9":{"start":{"line":14,"column":12},"end":{"line":14,"column":69}},"10":{"start":{"line":19,"column":4},"end":{"line":39,"column":7}},"11":{"start":{"line":20,"column":22},"end":{"line":20,"column":45}},"12":{"start":{"line":21,"column":31},"end":{"line":21,"column":51}},"13":{"start":{"line":22,"column":29},"end":{"line":22,"column":59}},"14":{"start":{"line":23,"column":30},"end":{"line":23,"column":49}},"15":{"start":{"line":25,"column":8},"end":{"line":38,"column":10}},"16":{"start":{"line":26,"column":12},"end":{"line":37,"column":14}},"17":{"start":{"line":33,"column":16},"end":{"line":33,"column":36}},"18":{"start":{"line":35,"column":16},"end":{"line":35,"column":63}},"19":{"start":{"line":36,"column":16},"end":{"line":36,"column":36}},"20":{"start":{"line":42,"column":4},"end":{"line":52,"column":7}},"21":{"start":{"line":43,"column":22},"end":{"line":43,"column":35}},"22":{"start":{"line":44,"column":29},"end":{"line":44,"column":93}},"23":{"start":{"line":45,"column":8},"end":{"line":51,"column":9}},"24":{"start":{"line":46,"column":12},"end":{"line":46,"column":33}},"25":{"start":{"line":47,"column":12},"end":{"line":47,"column":37}},"26":{"start":{"line":48,"column":12},"end":{"line":48,"column":35}},"27":{"start":{"line":50,"column":12},"end":{"line":50,"column":32}},"28":{"start":{"line":55,"column":4},"end":{"line":66,"column":7}},"29":{"start":{"line":56,"column":22},"end":{"line":56,"column":35}},"30":{"start":{"line":57,"column":29},"end":{"line":57,"column":93}},"31":{"start":{"line":59,"column":8},"end":{"line":65,"column":9}},"32":{"start":{"line":60,"column":12},"end":{"line":60,"column":78}},"33":{"start":{"line":61,"column":12},"end":{"line":61,"column":32}},"34":{"start":{"line":64,"column":12},"end":{"line":64,"column":32}},"35":{"start":{"line":68,"column":4},"end":{"line":94,"column":7}},"36":{"start":{"line":69,"column":22},"end":{"line":69,"column":35}},"37":{"start":{"line":70,"column":29},"end":{"line":70,"column":93}},"38":{"start":{"line":72,"column":8},"end":{"line":93,"column":9}},"39":{"start":{"line":73,"column":35},"end":{"line":73,"column":55}},"40":{"start":{"line":74,"column":33},"end":{"line":74,"column":63}},"41":{"start":{"line":75,"column":34},"end":{"line":75,"column":53}},"42":{"start":{"line":76,"column":30},"end":{"line":76,"column":45}},"43":{"start":{"line":77,"column":38},"end":{"line":77,"column":61}},"44":{"start":{"line":79,"column":12},"end":{"line":82,"column":13}},"45":{"start":{"line":80,"column":16},"end":{"line":80,"column":36}},"46":{"start":{"line":81,"column":16},"end":{"line":81,"column":23}},"47":{"start":{"line":83,"column":12},"end":{"line":89,"column":15}},"48":{"start":{"line":90,"column":12},"end":{"line":90,"column":32}},"49":{"start":{"line":92,"column":12},"end":{"line":92,"column":32}},"50":{"start":{"line":97,"column":4},"end":{"line":106,"column":7}},"51":{"start":{"line":98,"column":22},"end":{"line":98,"column":35}},"52":{"start":{"line":99,"column":29},"end":{"line":99,"column":93}},"53":{"start":{"line":100,"column":8},"end":{"line":105,"column":9}},"54":{"start":{"line":101,"column":12},"end":{"line":101,"column":35}},"55":{"start":{"line":102,"column":12},"end":{"line":102,"column":32}},"56":{"start":{"line":104,"column":12},"end":{"line":104,"column":32}},"57":{"start":{"line":108,"column":4},"end":{"line":108,"column":38}}},"fnMap":{"0":{"name":"(anonymous_0)","decl":{"start":{"line":1,"column":17},"end":{"line":1,"column":18}},"loc":{"start":{"line":1,"column":26},"end":{"line":109,"column":1}},"line":1},"1":{"name":"(anonymous_1)","decl":{"start":{"line":8,"column":20},"end":{"line":8,"column":21}},"loc":{"start":{"line":8,"column":40},"end":{"line":16,"column":5}},"line":8},"2":{"name":"(anonymous_2)","decl":{"start":{"line":9,"column":42},"end":{"line":9,"column":43}},"loc":{"start":{"line":9,"column":56},"end":{"line":13,"column":9}},"line":9},"3":{"name":"(anonymous_3)","decl":{"start":{"line":13,"column":17},"end":{"line":13,"column":18}},"loc":{"start":{"line":13,"column":28},"end":{"line":15,"column":9}},"line":13},"4":{"name":"(anonymous_4)","decl":{"start":{"line":19,"column":21},"end":{"line":19,"column":22}},"loc":{"start":{"line":19,"column":35},"end":{"line":39,"column":5}},"line":19},"5":{"name":"(anonymous_5)","decl":{"start":{"line":25,"column":23},"end":{"line":25,"column":24}},"loc":{"start":{"line":25,"column":29},"end":{"line":38,"column":9}},"line":25},"6":{"name":"(anonymous_6)","decl":{"start":{"line":32,"column":20},"end":{"line":32,"column":21}},"loc":{"start":{"line":32,"column":34},"end":{"line":34,"column":13}},"line":32},"7":{"name":"(anonymous_7)","decl":{"start":{"line":34,"column":21},"end":{"line":34,"column":22}},"loc":{"start":{"line":34,"column":32},"end":{"line":37,"column":13}},"line":34},"8":{"name":"(anonymous_8)","decl":{"start":{"line":42,"column":23},"end":{"line":42,"column":24}},"loc":{"start":{"line":42,"column":43},"end":{"line":52,"column":5}},"line":42},"9":{"name":"(anonymous_9)","decl":{"start":{"line":55,"column":23},"end":{"line":55,"column":24}},"loc":{"start":{"line":55,"column":43},"end":{"line":66,"column":5}},"line":55},"10":{"name":"(anonymous_10)","decl":{"start":{"line":68,"column":30},"end":{"line":68,"column":31}},"loc":{"start":{"line":68,"column":50},"end":{"line":94,"column":5}},"line":68},"11":{"name":"(anonymous_11)","decl":{"start":{"line":97,"column":26},"end":{"line":97,"column":27}},"loc":{"start":{"line":97,"column":46},"end":{"line":106,"column":5}},"line":97}},"branchMap":{"0":{"loc":{"start":{"line":45,"column":8},"end":{"line":51,"column":9}},"type":"if","locations":[{"start":{"line":45,"column":8},"end":{"line":51,"column":9}},{"start":{"line":49,"column":15},"end":{"line":51,"column":9}}],"line":45},"1":{"loc":{"start":{"line":59,"column":8},"end":{"line":65,"column":9}},"type":"if","locations":[{"start":{"line":59,"column":8},"end":{"line":65,"column":9}},{"start":{"line":63,"column":15},"end":{"line":65,"column":9}}],"line":59},"2":{"loc":{"start":{"line":60,"column":42},"end":{"line":60,"column":75}},"type":"cond-expr","locations":[{"start":{"line":60,"column":64},"end":{"line":60,"column":69}},{"start":{"line":60,"column":71},"end":{"line":60,"column":75}}],"line":60},"3":{"loc":{"start":{"line":72,"column":8},"end":{"line":93,"column":9}},"type":"if","locations":[{"start":{"line":72,"column":8},"end":{"line":93,"column":9}},{"start":{"line":91,"column":15},"end":{"line":93,"column":9}}],"line":72},"4":{"loc":{"start":{"line":79,"column":12},"end":{"line":82,"column":13}},"type":"if","locations":[{"start":{"line":79,"column":12},"end":{"line":82,"column":13}},{"start":{},"end":{}}],"line":79},"5":{"loc":{"start":{"line":79,"column":16},"end":{"line":79,"column":154}},"type":"binary-expr","locations":[{"start":{"line":79,"column":16},"end":{"line":79,"column":29}},{"start":{"line":79,"column":33},"end":{"line":79,"column":55}},{"start":{"line":79,"column":59},"end":{"line":79,"column":79}},{"start":{"line":79,"column":83},"end":{"line":79,"column":104}},{"start":{"line":79,"column":108},"end":{"line":79,"column":125}},{"start":{"line":79,"column":129},"end":{"line":79,"column":154}}],"line":79},"6":{"loc":{"start":{"line":100,"column":8},"end":{"line":105,"column":9}},"type":"if","locations":[{"start":{"line":100,"column":8},"end":{"line":105,"column":9}},{"start":{"line":103,"column":15},"end":{"line":105,"column":9}}],"line":100}},"s":{"0":18,"1":18,"2":18,"3":18,"4":18,"5":1,"6":1,"7":1,"8":1,"9":0,"10":18,"11":2,"12":2,"13":2,"14":2,"15":2,"16":2,"17":1,"18":1,"19":1,"20":18,"21":2,"22":2,"23":2,"24":1,"25":1,"26":1,"27":1,"28":18,"29":2,"30":2,"31":2,"32":1,"33":1,"34":1,"35":18,"36":1,"37":1,"38":1,"39":1,"40":1,"41":1,"42":1,"43":1,"44":1,"45":1,"46":1,"47":0,"48":0,"49":0,"50":18,"51":2,"52":2,"53":2,"54":1,"55":1,"56":1,"57":18},"f":{"0":18,"1":1,"2":1,"3":0,"4":2,"5":2,"6":1,"7":1,"8":2,"9":2,"10":1,"11":2},"b":{"0":[1,1],"1":[1,1],"2":[1,0],"3":[1,0],"4":[1,0],"5":[1,1,0,0,0,0],"6":[1,1]},"_coverageSchema":"1a1c01bbd47fc00a2c39e90264f33305004495a9","hash":"adf7dda542f04d67c3c28aaf50d63fa0292474cb"}
,"C:\\Users\\cjden\\OneDrive\\Desktop\\Senior Design\\2023SpringTeam20-NCSU-CNR\\server\\routes\\genetic-id.route.js": {"path":"C:\\Users\\cjden\\OneDrive\\Desktop\\Senior Design\\2023SpringTeam20-NCSU-CNR\\server\\routes\\genetic-id.route.js","statementMap":{"0":{"start":{"line":1,"column":0},"end":{"line":177,"column":1}},"1":{"start":{"line":2,"column":20},"end":{"line":2,"column":57}},"2":{"start":{"line":3,"column":15},"end":{"line":3,"column":42}},"3":{"start":{"line":4,"column":13},"end":{"line":4,"column":44}},"4":{"start":{"line":7,"column":2},"end":{"line":15,"column":5}},"5":{"start":{"line":8,"column":4},"end":{"line":14,"column":6}},"6":{"start":{"line":9,"column":6},"end":{"line":9,"column":27}},"7":{"start":{"line":10,"column":6},"end":{"line":10,"column":31}},"8":{"start":{"line":11,"column":6},"end":{"line":11,"column":25}},"9":{"start":{"line":13,"column":6},"end":{"line":13,"column":60}},"10":{"start":{"line":18,"column":2},"end":{"line":32,"column":5}},"11":{"start":{"line":19,"column":25},"end":{"line":19,"column":38}},"12":{"start":{"line":20,"column":4},"end":{"line":31,"column":7}},"13":{"start":{"line":21,"column":6},"end":{"line":27,"column":7}},"14":{"start":{"line":22,"column":8},"end":{"line":22,"column":29}},"15":{"start":{"line":23,"column":8},"end":{"line":23,"column":33}},"16":{"start":{"line":24,"column":8},"end":{"line":24,"column":27}},"17":{"start":{"line":26,"column":8},"end":{"line":26,"column":28}},"18":{"start":{"line":29,"column":6},"end":{"line":29,"column":59}},"19":{"start":{"line":30,"column":6},"end":{"line":30,"column":20}},"20":{"start":{"line":36,"column":2},"end":{"line":54,"column":5}},"21":{"start":{"line":37,"column":25},"end":{"line":37,"column":45}},"22":{"start":{"line":38,"column":24},"end":{"line":38,"column":43}},"23":{"start":{"line":39,"column":25},"end":{"line":39,"column":45}},"24":{"start":{"line":40,"column":28},"end":{"line":40,"column":51}},"25":{"start":{"line":41,"column":23},"end":{"line":41,"column":80}},"26":{"start":{"line":42,"column":4},"end":{"line":53,"column":7}},"27":{"start":{"line":43,"column":6},"end":{"line":49,"column":7}},"28":{"start":{"line":44,"column":8},"end":{"line":44,"column":29}},"29":{"start":{"line":45,"column":8},"end":{"line":45,"column":33}},"30":{"start":{"line":46,"column":8},"end":{"line":46,"column":27}},"31":{"start":{"line":48,"column":8},"end":{"line":48,"column":28}},"32":{"start":{"line":51,"column":6},"end":{"line":51,"column":59}},"33":{"start":{"line":52,"column":6},"end":{"line":52,"column":20}},"34":{"start":{"line":57,"column":2},"end":{"line":75,"column":5}},"35":{"start":{"line":58,"column":28},"end":{"line":58,"column":51}},"36":{"start":{"line":59,"column":24},"end":{"line":59,"column":43}},"37":{"start":{"line":60,"column":25},"end":{"line":60,"column":45}},"38":{"start":{"line":61,"column":23},"end":{"line":61,"column":80}},"39":{"start":{"line":62,"column":4},"end":{"line":74,"column":7}},"40":{"start":{"line":63,"column":6},"end":{"line":70,"column":7}},"41":{"start":{"line":64,"column":8},"end":{"line":64,"column":53}},"42":{"start":{"line":64,"column":33},"end":{"line":64,"column":51}},"43":{"start":{"line":65,"column":8},"end":{"line":65,"column":29}},"44":{"start":{"line":66,"column":8},"end":{"line":66,"column":33}},"45":{"start":{"line":67,"column":8},"end":{"line":67,"column":27}},"46":{"start":{"line":69,"column":8},"end":{"line":69,"column":28}},"47":{"start":{"line":72,"column":6},"end":{"line":72,"column":59}},"48":{"start":{"line":73,"column":6},"end":{"line":73,"column":20}},"49":{"start":{"line":78,"column":2},"end":{"line":95,"column":4}},"50":{"start":{"line":79,"column":28},"end":{"line":79,"column":51}},"51":{"start":{"line":80,"column":24},"end":{"line":80,"column":43}},"52":{"start":{"line":81,"column":23},"end":{"line":81,"column":80}},"53":{"start":{"line":82,"column":4},"end":{"line":94,"column":6}},"54":{"start":{"line":83,"column":6},"end":{"line":90,"column":7}},"55":{"start":{"line":84,"column":8},"end":{"line":84,"column":53}},"56":{"start":{"line":84,"column":33},"end":{"line":84,"column":51}},"57":{"start":{"line":85,"column":8},"end":{"line":85,"column":29}},"58":{"start":{"line":86,"column":8},"end":{"line":86,"column":33}},"59":{"start":{"line":87,"column":8},"end":{"line":87,"column":27}},"60":{"start":{"line":89,"column":8},"end":{"line":89,"column":28}},"61":{"start":{"line":92,"column":6},"end":{"line":92,"column":60}},"62":{"start":{"line":93,"column":6},"end":{"line":93,"column":20}},"63":{"start":{"line":98,"column":2},"end":{"line":114,"column":5}},"64":{"start":{"line":99,"column":28},"end":{"line":99,"column":51}},"65":{"start":{"line":100,"column":24},"end":{"line":100,"column":43}},"66":{"start":{"line":101,"column":4},"end":{"line":113,"column":7}},"67":{"start":{"line":102,"column":6},"end":{"line":109,"column":7}},"68":{"start":{"line":103,"column":8},"end":{"line":103,"column":51}},"69":{"start":{"line":103,"column":33},"end":{"line":103,"column":49}},"70":{"start":{"line":104,"column":8},"end":{"line":104,"column":29}},"71":{"start":{"line":105,"column":8},"end":{"line":105,"column":33}},"72":{"start":{"line":106,"column":8},"end":{"line":106,"column":27}},"73":{"start":{"line":108,"column":8},"end":{"line":108,"column":28}},"74":{"start":{"line":111,"column":6},"end":{"line":111,"column":59}},"75":{"start":{"line":112,"column":6},"end":{"line":112,"column":20}},"76":{"start":{"line":117,"column":2},"end":{"line":132,"column":5}},"77":{"start":{"line":118,"column":28},"end":{"line":118,"column":51}},"78":{"start":{"line":119,"column":4},"end":{"line":131,"column":7}},"79":{"start":{"line":120,"column":6},"end":{"line":127,"column":7}},"80":{"start":{"line":121,"column":8},"end":{"line":121,"column":52}},"81":{"start":{"line":121,"column":33},"end":{"line":121,"column":50}},"82":{"start":{"line":122,"column":8},"end":{"line":122,"column":29}},"83":{"start":{"line":123,"column":8},"end":{"line":123,"column":33}},"84":{"start":{"line":124,"column":8},"end":{"line":124,"column":27}},"85":{"start":{"line":126,"column":8},"end":{"line":126,"column":28}},"86":{"start":{"line":129,"column":6},"end":{"line":129,"column":59}},"87":{"start":{"line":130,"column":6},"end":{"line":130,"column":20}},"88":{"start":{"line":136,"column":2},"end":{"line":162,"column":5}},"89":{"start":{"line":137,"column":25},"end":{"line":137,"column":43}},"90":{"start":{"line":138,"column":24},"end":{"line":138,"column":41}},"91":{"start":{"line":139,"column":25},"end":{"line":139,"column":43}},"92":{"start":{"line":140,"column":23},"end":{"line":140,"column":39}},"93":{"start":{"line":141,"column":23},"end":{"line":141,"column":39}},"94":{"start":{"line":142,"column":27},"end":{"line":142,"column":47}},"95":{"start":{"line":143,"column":26},"end":{"line":143,"column":47}},"96":{"start":{"line":145,"column":4},"end":{"line":161,"column":7}},"97":{"start":{"line":146,"column":6},"end":{"line":160,"column":9}},"98":{"start":{"line":156,"column":8},"end":{"line":156,"column":28}},"99":{"start":{"line":158,"column":8},"end":{"line":158,"column":55}},"100":{"start":{"line":159,"column":8},"end":{"line":159,"column":28}},"101":{"start":{"line":165,"column":2},"end":{"line":174,"column":5}},"102":{"start":{"line":166,"column":20},"end":{"line":166,"column":31}},"103":{"start":{"line":167,"column":16},"end":{"line":167,"column":67}},"104":{"start":{"line":168,"column":4},"end":{"line":173,"column":5}},"105":{"start":{"line":169,"column":6},"end":{"line":169,"column":20}},"106":{"start":{"line":170,"column":6},"end":{"line":170,"column":26}},"107":{"start":{"line":172,"column":6},"end":{"line":172,"column":26}},"108":{"start":{"line":176,"column":2},"end":{"line":176,"column":33}}},"fnMap":{"0":{"name":"(anonymous_0)","decl":{"start":{"line":1,"column":17},"end":{"line":1,"column":18}},"loc":{"start":{"line":1,"column":26},"end":{"line":177,"column":1}},"line":1},"1":{"name":"(anonymous_1)","decl":{"start":{"line":7,"column":18},"end":{"line":7,"column":19}},"loc":{"start":{"line":7,"column":38},"end":{"line":15,"column":3}},"line":7},"2":{"name":"(anonymous_2)","decl":{"start":{"line":8,"column":29},"end":{"line":8,"column":30}},"loc":{"start":{"line":8,"column":43},"end":{"line":12,"column":5}},"line":8},"3":{"name":"(anonymous_3)","decl":{"start":{"line":12,"column":13},"end":{"line":12,"column":14}},"loc":{"start":{"line":12,"column":24},"end":{"line":14,"column":5}},"line":12},"4":{"name":"(anonymous_4)","decl":{"start":{"line":18,"column":21},"end":{"line":18,"column":22}},"loc":{"start":{"line":18,"column":41},"end":{"line":32,"column":3}},"line":18},"5":{"name":"(anonymous_5)","decl":{"start":{"line":20,"column":66},"end":{"line":20,"column":67}},"loc":{"start":{"line":20,"column":80},"end":{"line":28,"column":5}},"line":20},"6":{"name":"(anonymous_6)","decl":{"start":{"line":28,"column":13},"end":{"line":28,"column":14}},"loc":{"start":{"line":28,"column":24},"end":{"line":31,"column":5}},"line":28},"7":{"name":"(anonymous_7)","decl":{"start":{"line":36,"column":77},"end":{"line":36,"column":78}},"loc":{"start":{"line":36,"column":97},"end":{"line":54,"column":3}},"line":36},"8":{"name":"(anonymous_8)","decl":{"start":{"line":42,"column":173},"end":{"line":42,"column":174}},"loc":{"start":{"line":42,"column":187},"end":{"line":50,"column":5}},"line":42},"9":{"name":"(anonymous_9)","decl":{"start":{"line":50,"column":13},"end":{"line":50,"column":14}},"loc":{"start":{"line":50,"column":24},"end":{"line":53,"column":5}},"line":50},"10":{"name":"(anonymous_10)","decl":{"start":{"line":57,"column":66},"end":{"line":57,"column":67}},"loc":{"start":{"line":57,"column":86},"end":{"line":75,"column":3}},"line":57},"11":{"name":"(anonymous_11)","decl":{"start":{"line":62,"column":197},"end":{"line":62,"column":198}},"loc":{"start":{"line":62,"column":211},"end":{"line":71,"column":5}},"line":62},"12":{"name":"(anonymous_12)","decl":{"start":{"line":64,"column":21},"end":{"line":64,"column":22}},"loc":{"start":{"line":64,"column":33},"end":{"line":64,"column":51}},"line":64},"13":{"name":"(anonymous_13)","decl":{"start":{"line":71,"column":13},"end":{"line":71,"column":14}},"loc":{"start":{"line":71,"column":24},"end":{"line":74,"column":5}},"line":71},"14":{"name":"(anonymous_14)","decl":{"start":{"line":78,"column":55},"end":{"line":78,"column":56}},"loc":{"start":{"line":78,"column":75},"end":{"line":95,"column":3}},"line":78},"15":{"name":"(anonymous_15)","decl":{"start":{"line":82,"column":169},"end":{"line":82,"column":170}},"loc":{"start":{"line":82,"column":183},"end":{"line":91,"column":5}},"line":82},"16":{"name":"(anonymous_16)","decl":{"start":{"line":84,"column":21},"end":{"line":84,"column":22}},"loc":{"start":{"line":84,"column":33},"end":{"line":84,"column":51}},"line":84},"17":{"name":"(anonymous_17)","decl":{"start":{"line":91,"column":13},"end":{"line":91,"column":14}},"loc":{"start":{"line":91,"column":24},"end":{"line":94,"column":5}},"line":91},"18":{"name":"(anonymous_18)","decl":{"start":{"line":98,"column":46},"end":{"line":98,"column":47}},"loc":{"start":{"line":98,"column":66},"end":{"line":114,"column":3}},"line":98},"19":{"name":"(anonymous_19)","decl":{"start":{"line":101,"column":147},"end":{"line":101,"column":148}},"loc":{"start":{"line":101,"column":161},"end":{"line":110,"column":5}},"line":101},"20":{"name":"(anonymous_20)","decl":{"start":{"line":103,"column":21},"end":{"line":103,"column":22}},"loc":{"start":{"line":103,"column":33},"end":{"line":103,"column":49}},"line":103},"21":{"name":"(anonymous_21)","decl":{"start":{"line":110,"column":13},"end":{"line":110,"column":14}},"loc":{"start":{"line":110,"column":24},"end":{"line":113,"column":5}},"line":110},"22":{"name":"(anonymous_22)","decl":{"start":{"line":117,"column":36},"end":{"line":117,"column":37}},"loc":{"start":{"line":117,"column":56},"end":{"line":132,"column":3}},"line":117},"23":{"name":"(anonymous_23)","decl":{"start":{"line":119,"column":126},"end":{"line":119,"column":127}},"loc":{"start":{"line":119,"column":140},"end":{"line":128,"column":5}},"line":119},"24":{"name":"(anonymous_24)","decl":{"start":{"line":121,"column":21},"end":{"line":121,"column":22}},"loc":{"start":{"line":121,"column":33},"end":{"line":121,"column":50}},"line":121},"25":{"name":"(anonymous_25)","decl":{"start":{"line":128,"column":13},"end":{"line":128,"column":14}},"loc":{"start":{"line":128,"column":24},"end":{"line":131,"column":5}},"line":128},"26":{"name":"(anonymous_26)","decl":{"start":{"line":136,"column":19},"end":{"line":136,"column":20}},"loc":{"start":{"line":136,"column":39},"end":{"line":162,"column":3}},"line":136},"27":{"name":"(anonymous_27)","decl":{"start":{"line":145,"column":25},"end":{"line":145,"column":26}},"loc":{"start":{"line":145,"column":37},"end":{"line":161,"column":5}},"line":145},"28":{"name":"(anonymous_28)","decl":{"start":{"line":155,"column":14},"end":{"line":155,"column":15}},"loc":{"start":{"line":155,"column":28},"end":{"line":157,"column":7}},"line":155},"29":{"name":"(anonymous_29)","decl":{"start":{"line":157,"column":15},"end":{"line":157,"column":16}},"loc":{"start":{"line":157,"column":26},"end":{"line":160,"column":7}},"line":157},"30":{"name":"(anonymous_30)","decl":{"start":{"line":165,"column":21},"end":{"line":165,"column":22}},"loc":{"start":{"line":165,"column":41},"end":{"line":174,"column":3}},"line":165}},"branchMap":{"0":{"loc":{"start":{"line":21,"column":6},"end":{"line":27,"column":7}},"type":"if","locations":[{"start":{"line":21,"column":6},"end":{"line":27,"column":7}},{"start":{"line":25,"column":13},"end":{"line":27,"column":7}}],"line":21},"1":{"loc":{"start":{"line":41,"column":23},"end":{"line":41,"column":80}},"type":"cond-expr","locations":[{"start":{"line":41,"column":55},"end":{"line":41,"column":59}},{"start":{"line":41,"column":62},"end":{"line":41,"column":80}}],"line":41},"2":{"loc":{"start":{"line":43,"column":6},"end":{"line":49,"column":7}},"type":"if","locations":[{"start":{"line":43,"column":6},"end":{"line":49,"column":7}},{"start":{"line":47,"column":13},"end":{"line":49,"column":7}}],"line":43},"3":{"loc":{"start":{"line":61,"column":23},"end":{"line":61,"column":80}},"type":"cond-expr","locations":[{"start":{"line":61,"column":55},"end":{"line":61,"column":59}},{"start":{"line":61,"column":62},"end":{"line":61,"column":80}}],"line":61},"4":{"loc":{"start":{"line":63,"column":6},"end":{"line":70,"column":7}},"type":"if","locations":[{"start":{"line":63,"column":6},"end":{"line":70,"column":7}},{"start":{"line":68,"column":13},"end":{"line":70,"column":7}}],"line":63},"5":{"loc":{"start":{"line":81,"column":23},"end":{"line":81,"column":80}},"type":"cond-expr","locations":[{"start":{"line":81,"column":55},"end":{"line":81,"column":59}},{"start":{"line":81,"column":62},"end":{"line":81,"column":80}}],"line":81},"6":{"loc":{"start":{"line":83,"column":6},"end":{"line":90,"column":7}},"type":"if","locations":[{"start":{"line":83,"column":6},"end":{"line":90,"column":7}},{"start":{"line":88,"column":13},"end":{"line":90,"column":7}}],"line":83},"7":{"loc":{"start":{"line":102,"column":6},"end":{"line":109,"column":7}},"type":"if","locations":[{"start":{"line":102,"column":6},"end":{"line":109,"column":7}},{"start":{"line":107,"column":13},"end":{"line":109,"column":7}}],"line":102},"8":{"loc":{"start":{"line":120,"column":6},"end":{"line":127,"column":7}},"type":"if","locations":[{"start":{"line":120,"column":6},"end":{"line":127,"column":7}},{"start":{"line":125,"column":13},"end":{"line":127,"column":7}}],"line":120},"9":{"loc":{"start":{"line":168,"column":4},"end":{"line":173,"column":5}},"type":"if","locations":[{"start":{"line":168,"column":4},"end":{"line":173,"column":5}},{"start":{"line":171,"column":11},"end":{"line":173,"column":5}}],"line":168}},"s":{"0":18,"1":18,"2":18,"3":18,"4":18,"5":26,"6":26,"7":26,"8":26,"9":0,"10":18,"11":1,"12":1,"13":1,"14":1,"15":1,"16":1,"17":0,"18":0,"19":0,"20":18,"21":0,"22":0,"23":0,"24":0,"25":0,"26":0,"27":0,"28":0,"29":0,"30":0,"31":0,"32":0,"33":0,"34":18,"35":1,"36
[...]
},"end":{"line":30,"column":28}},"18":{"start":{"line":36,"column":2},"end":{"line":45,"column":5}},"19":{"start":{"line":37,"column":20},"end":{"line":37,"column":36}},"20":{"start":{"line":38,"column":17},"end":{"line":38,"column":71}},"21":{"start":{"line":39,"column":4},"end":{"line":44,"column":5}},"22":{"start":{"line":40,"column":6},"end":{"line":40,"column":21}},"23":{"start":{"line":41,"column":6},"end":{"line":41,"column":26}},"24":{"start":{"line":43,"column":6},"end":{"line":43,"column":26}},"25":{"start":{"line":47,"column":2},"end":{"line":47,"column":30}}},"fnMap":{"0":{"name":"(anonymous_0)","decl":{"start":{"line":1,"column":17},"end":{"line":1,"column":18}},"loc":{"start":{"line":1,"column":26},"end":{"line":48,"column":1}},"line":1},"1":{"name":"(anonymous_1)","decl":{"start":{"line":7,"column":18},"end":{"line":7,"column":19}},"loc":{"start":{"line":7,"column":38},"end":{"line":15,"column":3}},"line":7},"2":{"name":"(anonymous_2)","decl":{"start":{"line":8,"column":33},"end":{"line":8,"column":34}},"loc":{"start":{"line":8,"column":47},"end":{"line":12,"column":5}},"line":8},"3":{"name":"(anonymous_3)","decl":{"start":{"line":12,"column":13},"end":{"line":12,"column":14}},"loc":{"start":{"line":12,"column":24},"end":{"line":14,"column":5}},"line":12},"4":{"name":"(anonymous_4)","decl":{"start":{"line":18,"column":19},"end":{"line":18,"column":20}},"loc":{"start":{"line":18,"column":39},"end":{"line":33,"column":3}},"line":18},"5":{"name":"(anonymous_5)","decl":{"start":{"line":22,"column":26},"end":{"line":22,"column":27}},"loc":{"start":{"line":22,"column":37},"end":{"line":32,"column":5}},"line":22},"6":{"name":"(anonymous_6)","decl":{"start":{"line":26,"column":14},"end":{"line":26,"column":15}},"loc":{"start":{"line":26,"column":28},"end":{"line":28,"column":7}},"line":26},"7":{"name":"(anonymous_7)","decl":{"start":{"line":28,"column":15},"end":{"line":28,"column":16}},"loc":{"start":{"line":28,"column":26},"end":{"line":31,"column":7}},"line":28},"8":{"name":"(anonymous_8)","decl":{"start":{"line":36,"column":21},"end":{"line":36,"column":22}},"loc":{"start":{"line":36,"column":41},"end":{"line":45,"column":3}},"line":36}},"branchMap":{"0":{"loc":{"start":{"line":39,"column":4},"end":{"line":44,"column":5}},"type":"if","locations":[{"start":{"line":39,"column":4},"end":{"line":44,"column":5}},{"start":{"line":42,"column":11},"end":{"line":44,"column":5}}],"line":39}},"s":{"0":18,"1":18,"2":18,"3":18,"4":18,"5":1,"6":1,"7":1,"8":1,"9":0,"10":18,"11":2,"12":2,"13":2,"14":2,"15":1,"16":1,"17":1,"18":18,"19":2,"20":2,"21":2,"22":1,"23":1,"24":1,"25":18},"f":{"0":18,"1":1,"2":1,"3":0,"4":2,"5":2,"6":1,"7":1,"8":2},"b":{"0":[1,1]},"_coverageSchema":"1a1c01bbd47fc00a2c39e90264f33305004495a9","hash":"3a753d3e3b8a878022bf0b0c6489302eeb7ae866"}
,"C:\\Users\\cjden\\OneDrive\\Desktop\\Senior Design\\2023SpringTeam20-NCSU-CNR\\server\\routes\\tree.route.js": {"path":"C:\\Users\\cjden\\OneDrive\\Desktop\\Senior Design\\2023SpringTeam20-NCSU-CNR\\server\\routes\\tree.route.js","statementMap":{"0":{"start":{"line":1,"column":0},"end":{"line":98,"column":1}},"1":{"start":{"line":2,"column":15},"end":{"line":2,"column":46}},"2":{"start":{"line":3,"column":15},"end":{"line":3,"column":42}},"3":{"start":{"line":4,"column":13},"end":{"line":4,"column":44}},"4":{"start":{"line":7,"column":2},"end":{"line":16,"column":4}},"5":{"start":{"line":8,"column":4},"end":{"line":14,"column":6}},"6":{"start":{"line":9,"column":6},"end":{"line":9,"column":27}},"7":{"start":{"line":10,"column":6},"end":{"line":10,"column":31}},"8":{"start":{"line":11,"column":6},"end":{"line":11,"column":25}},"9":{"start":{"line":13,"column":6},"end":{"line":13,"column":54}},"10":{"start":{"line":19,"column":2},"end":{"line":33,"column":5}},"11":{"start":{"line":20,"column":22},"end":{"line":20,"column":35}},"12":{"start":{"line":21,"column":4},"end":{"line":32,"column":6}},"13":{"start":{"line":22,"column":6},"end":{"line":28,"column":7}},"14":{"start":{"line":23,"column":8},"end":{"line":23,"column":29}},"15":{"start":{"line":24,"column":8},"end":{"line":24,"column":33}},"16":{"start":{"line":25,"column":8},"end":{"line":25,"column":27}},"17":{"start":{"line":27,"column":8},"end":{"line":27,"column":28}},"18":{"start":{"line":30,"column":6},"end":{"line":30,"column":53}},"19":{"start":{"line":31,"column":6},"end":{"line":31,"column":20}},"20":{"start":{"line":36,"column":2},"end":{"line":56,"column":5}},"21":{"start":{"line":37,"column":22},"end":{"line":37,"column":37}},"22":{"start":{"line":38,"column":19},"end":{"line":38,"column":31}},"23":{"start":{"line":39,"column":26},"end":{"line":39,"column":45}},"24":{"start":{"line":40,"column":29},"end":{"line":40,"column":51}},"25":{"start":{"line":42,"column":4},"end":{"line":55,"column":6}},"26":{"start":{"line":43,"column":6},"end":{"line":54,"column":8}},"27":{"start":{"line":50,"column":8},"end":{"line":50,"column":28}},"28":{"start":{"line":52,"column":8},"end":{"line":52,"column":55}},"29":{"start":{"line":53,"column":8},"end":{"line":53,"column":28}},"30":{"start":{"line":59,"column":2},"end":{"line":68,"column":5}},"31":{"start":{"line":60,"column":22},"end":{"line":60,"column":35}},"32":{"start":{"line":61,"column":17},"end":{"line":61,"column":69}},"33":{"start":{"line":62,"column":4},"end":{"line":67,"column":5}},"34":{"start":{"line":63,"column":6},"end":{"line":63,"column":57}},"35":{"start":{"line":64,"column":6},"end":{"line":64,"column":26}},"36":{"start":{"line":66,"column":6},"end":{"line":66,"column":26}},"37":{"start":{"line":70,"column":2},"end":{"line":83,"column":4}},"38":{"start":{"line":71,"column":22},"end":{"line":71,"column":35}},"39":{"start":{"line":72,"column":29},"end":{"line":72,"column":51}},"40":{"start":{"line":73,"column":19},"end":{"line":73,"column":31}},"41":{"start":{"line":74,"column":24},"end":{"line":74,"column":43}},"42":{"start":{"line":76,"column":17},"end":{"line":76,"column":68}},"43":{"start":{"line":77,"column":4},"end":{"line":82,"column":5}},"44":{"start":{"line":78,"column":6},"end":{"line":78,"column":91}},"45":{"start":{"line":79,"column":6},"end":{"line":79,"column":26}},"46":{"start":{"line":81,"column":6},"end":{"line":81,"column":26}},"47":{"start":{"line":86,"column":2},"end":{"line":95,"column":5}},"48":{"start":{"line":87,"column":20},"end":{"line":87,"column":33}},"49":{"start":{"line":88,"column":17},"end":{"line":88,"column":67}},"50":{"start":{"line":89,"column":4},"end":{"line":94,"column":5}},"51":{"start":{"line":90,"column":6},"end":{"line":90,"column":21}},"52":{"start":{"line":91,"column":6},"end":{"line":91,"column":26}},"53":{"start":{"line":93,"column":6},"end":{"line":93,"column":26}},"54":{"start":{"line":97,"column":2},"end":{"line":97,"column":28}}},"fnMap":{"0":{"name":"(anonymous_0)","decl":{"start":{"line":1,"column":17},"end":{"line":1,"column":18}},"loc":{"start":{"line":1,"column":26},"end":{"line":98,"column":1}},"line":1},"1":{"name":"(anonymous_1)","decl":{"start":{"line":7,"column":18},"end":{"line":7,"column":19}},"loc":{"start":{"line":7,"column":38},"end":{"line":15,"column":3}},"line":7},"2":{"name":"(anonymous_2)","decl":{"start":{"line":8,"column":30},"end":{"line":8,"column":31}},"loc":{"start":{"line":8,"column":44},"end":{"line":12,"column":5}},"line":8},"3":{"name":"(anonymous_3)","decl":{"start":{"line":12,"column":13},"end":{"line":12,"column":14}},"loc":{"start":{"line":12,"column":24},"end":{"line":14,"column":5}},"line":12},"4":{"name":"(anonymous_4)","decl":{"start":{"line":19,"column":21},"end":{"line":19,"column":22}},"loc":{"start":{"line":19,"column":41},"end":{"line":33,"column":3}},"line":19},"5":{"name":"(anonymous_5)","decl":{"start":{"line":21,"column":62},"end":{"line":21,"column":63}},"loc":{"start":{"line":21,"column":76},"end":{"line":29,"column":5}},"line":21},"6":{"name":"(anonymous_6)","decl":{"start":{"line":29,"column":13},"end":{"line":29,"column":14}},"loc":{"start":{"line":29,"column":24},"end":{"line":32,"column":5}},"line":29},"7":{"name":"(anonymous_7)","decl":{"start":{"line":36,"column":19},"end":{"line":36,"column":20}},"loc":{"start":{"line":36,"column":39},"end":{"line":56,"column":3}},"line":36},"8":{"name":"(anonymous_8)","decl":{"start":{"line":42,"column":25},"end":{"line":42,"column":26}},"loc":{"start":{"line":42,"column":36},"end":{"line":55,"column":5}},"line":42},"9":{"name":"(anonymous_9)","decl":{"start":{"line":49,"column":14},"end":{"line":49,"column":15}},"loc":{"start":{"line":49,"column":28},"end":{"line":51,"column":7}},"line":49},"10":{"name":"(anonymous_10)","decl":{"start":{"line":51,"column":15},"end":{"line":51,"column":16}},"loc":{"start":{"line":51,"column":26},"end":{"line":54,"column":7}},"line":51},"11":{"name":"(anonymous_11)","decl":{"start":{"line":59,"column":21},"end":{"line":59,"column":22}},"loc":{"start":{"line":59,"column":41},"end":{"line":68,"column":3}},"line":59},"12":{"name":"(anonymous_12)","decl":{"start":{"line":70,"column":26},"end":{"line":70,"column":27}},"loc":{"start":{"line":70,"column":46},"end":{"line":83,"column":3}},"line":70},"13":{"name":"(anonymous_13)","decl":{"start":{"line":86,"column":24},"end":{"line":86,"column":25}},"loc":{"start":{"line":86,"column":44},"end":{"line":95,"column":3}},"line":86}},"branchMap":{"0":{"loc":{"start":{"line":22,"column":6},"end":{"line":28,"column":7}},"type":"if","locations":[{"start":{"line":22,"column":6},"end":{"line":28,"column":7}},{"start":{"line":26,"column":13},"end":{"line":28,"column":7}}],"line":22},"1":{"loc":{"start":{"line":62,"column":4},"end":{"line":67,"column":5}},"type":"if","locations":[{"start":{"line":62,"column":4},"end":{"line":67,"column":5}},{"start":{"line":65,"column":11},"end":{"line":67,"column":5}}],"line":62},"2":{"loc":{"start":{"line":63,"column":28},"end":{"line":63,"column":53}},"type":"cond-expr","locations":[{"start":{"line":63,"column":41},"end":{"line":63,"column":46}},{"start":{"line":63,"column":49},"end":{"line":63,"column":53}}],"line":63},"3":{"loc":{"start":{"line":77,"column":4},"end":{"line":82,"column":5}},"type":"if","locations":[{"start":{"line":77,"column":4},"end":{"line":82,"column":5}},{"start":{"line":80,"column":11},"end":{"line":82,"column":5}}],"line":77},"4":{"loc":{"start":{"line":89,"column":4},"end":{"line":94,"column":5}},"type":"if","locations":[{"start":{"line":89,"column":4},"end":{"line":94,"column":5}},{"start":{"line":92,"column":11},"end":{"line":94,"column":5}}],"line":89}},"s":{"0":18,"1":18,"2":18,"3":18,"4":18,"5":1,"6":1,"7":1,"8":1,"9":0,"10":18,"11":2,"12":2,"13":2,"14":1,"15":1,"16":1,"17":1,"18":0,"19":0,"20":18,"21":5,"22":5,"23":5,"24":5,"25":5,"26":5,"27":4,"28":1,"29":1,"30":18,"31":2,"32":2,"33":2,"34":1,"35":1,"36":1,"37":18,"38":0,"39":0,"40":0,"41":0,"42":0,"43":0,"44":0,"45":0,"46":0,"47":18,"48":5,"49":5,"50":5,"51":4,"52":4,"53":1,"54":18},"f":{"0":18,"1":1,"2":1,"3":0,"4":2,"5":2,"6":0,"7":5,"8":5,"9":4,"10":1,"11":2,"12":0,"13":5},"b":{"0":[1,1],"1":[1,1],"2":[1,0],"3":[0,0],"4":[4,1]},"_coverageSchema":"1a1c01bbd47fc00a2c39e90264f33305004495a9","hash":"6f729cc96efc5ffcde040abaf03fc86b593e95dd"}
,"C:\\Users\\cjden\\OneDrive\\Desktop\\Senior Design\\2023SpringTeam20-NCSU-CNR\\server\\routes\\user.route.js": {"path":"C:\\Users\\cjden\\OneDrive\\Desktop\\Senior Design\\2023SpringTeam20-NCSU-CNR\\server\\routes\\user.route.js","statementMap":{"0":{"start":{"line":1,"column":0},"end":{"line":110,"column":1}},"1":{"start":{"line":2,"column":15},"end":{"line":2,"column":46}},"2":{"start":{"line":3,"column":15},"end":{"line":3,"column":42}},"3":{"start":{"line":4,"column":13},"end":{"line":4,"column":44}},"4":{"start":{"line":7,"column":2},"end":{"line":15,"column":5}},"5":{"start":{"line":8,"column":4},"end":{"line":14,"column":6}},"6":{"start":{"line":9,"column":6},"end":{"line":9,"column":27}},"7":{"start":{"line":10,"column":6},"end":{"line":10,"column":31}},"8":{"start":{"line":11,"column":6},"end":{"line":11,"column":25}},"9":{"start":{"line":13,"column":6},"end":{"line":13,"column":54}},"10":{"start":{"line":18,"column":2},"end":{"line":27,"column":5}},"11":{"start":{"line":19,"column":23},"end":{"line":19,"column":47}},"12":{"start":{"line":20,"column":4},"end":{"line":26,"column":6}},"13":{"start":{"line":21,"column":6},"end":{"line":21,"column":27}},"14":{"start":{"line":22,"column":6},"end":{"line":22,"column":31}},"15":{"start":{"line":23,"column":6},"end":{"line":23,"column":25}},"16":{"start":{"line":25,"column":6},"end":{"line":25,"column":53}},"17":{"start":{"line":30,"column":2},"end":{"line":53,"column":5}},"18":{"start":{"line":31,"column":23},"end":{"line":31,"column":39}},"19":{"start":{"line":32,"column":25},"end":{"line":32,"column":43}},"20":{"start":{"line":33,"column":24},"end":{"line":33,"column":41}},"21":{"start":{"line":34,"column":21},"end":{"line":34,"column":35}},"22":{"start":{"line":35,"column":20},"end":{"line":35,"column":33}},"23":{"start":{"line":37,"column":4},"end":{"line":52,"column":6}},"24":{"start":{"line":38,"column":6},"end":{"line":51,"column":8}},"25":{"start":{"line":45,"column":8},"end":{"line":45,"column":29}},"26":{"start":{"line":46,"column":8},"end":{"line":46,"column":33}},"27":{"start":{"line":47,"column":8},"end":{"line":47,"column":27}},"28":{"start":{"line":49,"column":8},"end":{"line":49,"column":55}},"29":{"start":{"line":50,"column":8},"end":{"line":50,"column":28}},"30":{"start":{"line":56,"column":2},"end":{"line":66,"column":5}},"31":{"start":{"line":57,"column":4},"end":{"line":57,"column":29}},"32":{"start":{"line":58,"column":23},"end":{"line":58,"column":41}},"33":{"start":{"line":59,"column":4},"end":{"line":65,"column":6}},"34":{"start":{"line":60,"column":6},"end":{"line":60,"column":27}},"35":{"start":{"line":61,"column":6},"end":{"line":61,"column":31}},"36":{"start":{"line":62,"column":6},"end":{"line":62,"column":25}},"37":{"start":{"line":64,"column":6},"end":{"line":64,"column":53}},"38":{"start":{"line":69,"column":2},"end":{"line":91,"column":5}},"39":{"start":{"line":70,"column":23},"end":{"line":70,"column":41}},"40":{"start":{"line":71,"column":27},"end":{"line":71,"column":43}},"41":{"start":{"line":72,"column":25},"end":{"line":72,"column":43}},"42":{"start":{"line":73,"column":24},"end":{"line":73,"column":41}},"43":{"start":{"line":74,"column":21},"end":{"line":74,"column":35}},"44":{"start":{"line":75,"column":20},"end":{"line":75,"column":33}},"45":{"start":{"line":77,"column":4},"end":{"line":90,"column":6}},"46":{"start":{"line":78,"column":6},"end":{"line":89,"column":8}},"47":{"start":{"line":85,"column":8},"end":{"line":85,"column":28}},"48":{"start":{"line":87,"column":8},"end":{"line":87,"column":54}},"49":{"start":{"line":88,"column":8},"end":{"line":88,"column":28}},"50":{"start":{"line":94,"column":2},"end":{"line":106,"column":5}},"51":{"start":{"line":95,"column":23},"end":{"line":95,"column":41}},"52":{"start":{"line":96,"column":4},"end":{"line":105,"column":7}},"53":{"start":{"line":97,"column":6},"end":{"line":104,"column":7}},"54":{"start":{"line":98,"column":8},"end":{"line":98,"column":28}},"55":{"start":{"line":101,"column":8},"end":{"line":101,"column":54}},"56":{"start":{"line":102,"column":8},"end":{"line":102,"column":28}},"57":{"start":{"line":109,"column":2},"end":{"line":109,"column":28}}},"fnMap":{"0":{"name":"(anonymous_0)","decl":{"start":{"line":1,"column":17},"end":{"line":1,"column":18}},"loc":{"start":{"line":1,"column":26},"end":{"line":110,"column":1}},"line":1},"1":{"name":"(anonymous_1)","decl":{"start":{"line":7,"column":21},"end":{"line":7,"column":22}},"loc":{"start":{"line":7,"column":41},"end":{"line":15,"column":3}},"line":7},"2":{"name":"(anonymous_2)","decl":{"start":{"line":8,"column":30},"end":{"line":8,"column":31}},"loc":{"start":{"line":8,"column":44},"end":{"line":12,"column":5}},"line":8},"3":{"name":"(anonymous_3)","decl":{"start":{"line":12,"column":13},"end":{"line":12,"column":14}},"loc":{"start":{"line":12,"column":24},"end":{"line":14,"column":5}},"line":12},"4":{"name":"(anonymous_4)","decl":{"start":{"line":18,"column":25},"end":{"line":18,"column":26}},"loc":{"start":{"line":18,"column":45},"end":{"line":27,"column":3}},"line":18},"5":{"name":"(anonymous_5)","decl":{"start":{"line":20,"column":64},"end":{"line":20,"column":65}},"loc":{"start":{"line":20,"column":78},"end":{"line":24,"column":5}},"line":20},"6":{"name":"(anonymous_6)","decl":{"start":{"line":24,"column":13},"end":{"line":24,"column":14}},"loc":{"start":{"line":24,"column":24},"end":{"line":26,"column":5}},"line":24},"7":{"name":"(anonymous_7)","decl":{"start":{"line":30,"column":19},"end":{"line":30,"column":20}},"loc":{"start":{"line":30,"column":39},"end":{"line":53,"column":3}},"line":30},"8":{"name":"(anonymous_8)","decl":{"start":{"line":37,"column":25},"end":{"line":37,"column":26}},"loc":{"start":{"line":37,"column":37},"end":{"line":52,"column":5}},"line":37},"9":{"name":"(anonymous_9)","decl":{"start":{"line":44,"column":14},"end":{"line":44,"column":15}},"loc":{"start":{"line":44,"column":28},"end":{"line":48,"column":7}},"line":44},"10":{"name":"(anonymous_10)","decl":{"start":{"line":48,"column":15},"end":{"line":48,"column":16}},"loc":{"start":{"line":48,"column":26},"end":{"line":51,"column":7}},"line":48},"11":{"name":"(anonymous_11)","decl":{"start":{"line":56,"column":26},"end":{"line":56,"column":27}},"loc":{"start":{"line":56,"column":46},"end":{"line":66,"column":3}},"line":56},"12":{"name":"(anonymous_12)","decl":{"start":{"line":59,"column":64},"end":{"line":59,"column":65}},"loc":{"start":{"line":59,"column":78},"end":{"line":63,"column":5}},"line":59},"13":{"name":"(anonymous_13)","decl":{"start":{"line":63,"column":13},"end":{"line":63,"column":14}},"loc":{"start":{"line":63,"column":24},"end":{"line":65,"column":5}},"line":63},"14":{"name":"(anonymous_14)","decl":{"start":{"line":69,"column":26},"end":{"line":69,"column":27}},"loc":{"start":{"line":69,"column":46},"end":{"line":91,"column":3}},"line":69},"15":{"name":"(anonymous_15)","decl":{"start":{"line":77,"column":25},"end":{"line":77,"column":26}},"loc":{"start":{"line":77,"column":37},"end":{"line":90,"column":5}},"line":77},"16":{"name":"(anonymous_16)","decl":{"start":{"line":84,"column":50},"end":{"line":84,"column":51}},"loc":{"start":{"line":84,"column":64},"end":{"line":86,"column":7}},"line":84},"17":{"name":"(anonymous_17)","decl":{"start":{"line":86,"column":15},"end":{"line":86,"column":16}},"loc":{"start":{"line":86,"column":26},"end":{"line":89,"column":7}},"line":86},"18":{"name":"(anonymous_18)","decl":{"start":{"line":94,"column":29},"end":{"line":94,"column":30}},"loc":{"start":{"line":94,"column":49},"end":{"line":106,"column":3}},"line":94},"19":{"name":"(anonymous_19)","decl":{"start":{"line":96,"column":25},"end":{"line":96,"column":26}},"loc":{"start":{"line":96,"column":37},"end":{"line":105,"column":5}},"line":96},"20":{"name":"(anonymous_20)","decl":{"start":{"line":97,"column":66},"end":{"line":97,"column":67}},"loc":{"start":{"line":97,"column":80},"end":{"line":99,"column":7}},"line":97},"21":{"name":"(anonymous_21)","decl":{"start":{"line":100,"column":14},"end":{"line":100,"column":15}},"loc":{"start":{"line":100,"column":25},"end":{"line":103,"column":7}},"line":100}},"branchMap":{},"s":{"0":18,"1":18,"2":18,"3":18,"4":18,"5":1,"6":1,"7":1,"8":1,"9":0,"10":18,"11":1,"12":1,"13":1,"14":1,"15":1,"16":0,"17":18,"18":2,"19":2,"20":2,"21":2,"22":2,"23":2,"24":2,"25":1,"26":1,"27":1,"28":1,"29":1,"30":18,"31":0,"32":0,"33":0,"34":0,"35":0,"36":0,"37":0,"38":18,"39":1,"40":1,"41":1,"42":1,"43":1,"44":1,"45":1,"46":1,"47":1,"48":0,"49":0,"50":18,"51":1,"52":1,"53":1,"54":1,"55":0,"56":0,"57":18},"f":{"0":18,"1":1,"2":1,"3":0,"4":1,"5":1,"6":0,"7":2,"8":2,"9":1,"10":1,"11":0,"12":0,"13":0,"14":1,"15":1,"16":1,"17":0,"18":1,"19":1,"20":1,"21":0},"b":{},"_coverageSchema":"1a1c01bbd47fc00a2c39e90264f33305004495a9","hash":"9d3d2eda7c3203e41abde3bb2b8c162256e343d7"}
}
